TN:verilator_coverage
SF:/home/lolifish/Documents/programs/XiangShan_UVM/UnityChipForXiangShan/dut/WayLookup/WayLookup.v
DA:88,8110100
DA:89,204
DA:90,823
DA:91,670227
DA:92,133407
DA:93,1608298
DA:94,1608035
DA:95,806777
DA:96,806165
DA:97,7240995
DA:98,7243154
DA:99,208605
DA:100,208962
DA:101,401683
DA:102,402449
DA:103,201219
DA:104,201096
DA:105,712230
DA:106,72159
DA:107,26356
DA:108,794437
DA:109,1588276
DA:110,1587492
DA:111,794529
DA:112,794624
DA:113,7150556
DA:114,7154060
DA:115,205810
DA:116,206183
DA:117,396758
DA:118,396887
DA:119,198615
DA:120,198454
DA:121,1985301
DA:122,197986
DA:123,598054
DA:124,3892706
DA:125,1191198
DA:126,596617
DA:127,149815
DA:130,43952
DA:131,43740
DA:132,23602
DA:133,23588
DA:134,197733
DA:135,197416
DA:136,5758
DA:137,5668
DA:138,10840
DA:139,10836
DA:140,5785
DA:141,5688
DA:142,43660
DA:143,43601
DA:144,23515
DA:145,23638
DA:146,196470
DA:147,196892
DA:148,5647
DA:149,5734
DA:150,11111
DA:151,10987
DA:152,5657
DA:153,5692
DA:154,43611
DA:155,43757
DA:156,23707
DA:157,23640
DA:158,196907
DA:159,196768
DA:160,5623
DA:161,5680
DA:162,10930
DA:163,10894
DA:164,5656
DA:165,5661
DA:166,43614
DA:167,43759
DA:168,23761
DA:169,23621
DA:170,196402
DA:171,196408
DA:172,5600
DA:173,5706
DA:174,10830
DA:175,10821
DA:176,5647
DA:177,5653
DA:178,43410
DA:179,43745
DA:180,23560
DA:181,23679
DA:182,195862
DA:183,195639
DA:184,5679
DA:185,5619
DA:186,10895
DA:187,10899
DA:188,5686
DA:189,5631
DA:190,43683
DA:191,43376
DA:192,23458
DA:193,23842
DA:194,195492
DA:195,195452
DA:196,5668
DA:197,5593
DA:198,10919
DA:199,10854
DA:200,5608
DA:201,5546
DA:202,43052
DA:203,43558
DA:204,23650
DA:205,23608
DA:206,195128
DA:207,195172
DA:208,5649
DA:209,5653
DA:210,10882
DA:211,10808
DA:212,5635
DA:213,5642
DA:214,43162
DA:215,43553
DA:216,23351
DA:217,23571
DA:218,194356
DA:219,193960
DA:220,5609
DA:221,5724
DA:222,10789
DA:223,10955
DA:224,5554
DA:225,5563
DA:226,43175
DA:227,43362
DA:228,23496
DA:229,23421
DA:230,195082
DA:231,194376
DA:232,5601
DA:233,5653
DA:234,10726
DA:235,10867
DA:236,5660
DA:237,5619
DA:238,43114
DA:239,43147
DA:240,23312
DA:241,23311
DA:242,194194
DA:243,194426
DA:244,5653
DA:245,5595
DA:246,10723
DA:247,10879
DA:248,5643
DA:249,5536
DA:250,43088
DA:251,43128
DA:252,23539
DA:253,23513
DA:254,193813
DA:255,193804
DA:256,5582
DA:257,5587
DA:258,10689
DA:259,10692
DA:260,5512
DA:261,5585
DA:262,43110
DA:263,43128
DA:264,23359
DA:265,23539
DA:266,194059
DA:267,193738
DA:268,5617
DA:269,5514
DA:270,10701
DA:271,10851
DA:272,5581
DA:273,5627
DA:274,42787
DA:275,42806
DA:276,23302
DA:277,23303
DA:278,193465
DA:279,192974
DA:280,5533
DA:281,5590
DA:282,10775
DA:283,10882
DA:284,5566
DA:285,5634
DA:286,42921
DA:287,43057
DA:288,23204
DA:289,23400
DA:290,193181
DA:291,192524
DA:292,5621
DA:293,5611
DA:294,10657
DA:295,10861
DA:296,5650
DA:297,5583
DA:298,42999
DA:299,42649
DA:300,23464
DA:301,23227
DA:302,193265
DA:303,193015
DA:304,5630
DA:305,5546
DA:306,10760
DA:307,10679
DA:308,5668
DA:309,5519
DA:310,42836
DA:311,43014
DA:312,23251
DA:313,23370
DA:314,192397
DA:315,193263
DA:316,5551
DA:317,5537
DA:318,10664
DA:319,10627
DA:320,5579
DA:321,5508
DA:322,42748
DA:323,42834
DA:324,23177
DA:325,23435
DA:326,191731
DA:327,192182
DA:328,5535
DA:329,5591
DA:330,10713
DA:331,10768
DA:332,5500
DA:333,5569
DA:334,42565
DA:335,42577
DA:336,23411
DA:337,23497
DA:338,191684
DA:339,191167
DA:340,5545
DA:341,5537
DA:342,10625
DA:343,10668
DA:344,5513
DA:345,5516
DA:346,42591
DA:347,42540
DA:348,23175
DA:349,23274
DA:350,192067
DA:351,191750
DA:352,5529
DA:353,5517
DA:354,10549
DA:355,10709
DA:356,5537
DA:357,5487
DA:358,42561
DA:359,42648
DA:360,23276
DA:361,23011
DA:362,191290
DA:363,191314
DA:364,5601
DA:365,5639
DA:366,10784
DA:367,10604
DA:368,5469
DA:369,5493
DA:370,42599
DA:371,42584
DA:372,23158
DA:373,23258
DA:374,191630
DA:375,190819
DA:376,5533
DA:377,5512
DA:378,10522
DA:379,10544
DA:380,5509
DA:381,5533
DA:382,42365
DA:383,42376
DA:384,23178
DA:385,22982
DA:386,191057
DA:387,191266
DA:388,5525
DA:389,5487
DA:390,10671
DA:391,10575
DA:392,5489
DA:393,5494
DA:394,42340
DA:395,42486
DA:396,23413
DA:397,23216
DA:398,190820
DA:399,191094
DA:400,5495
DA:401,5478
DA:402,10496
DA:403,10718
DA:404,5484
DA:405,5521
DA:406,42508
DA:407,42469
DA:408,23123
DA:409,23088
DA:410,190784
DA:411,191262
DA:412,5592
DA:413,5512
DA:414,10473
DA:415,10597
DA:416,5485
DA:417,5510
DA:418,42540
DA:419,42361
DA:420,23079
DA:421,23026
DA:422,189894
DA:423,189858
DA:424,5457
DA:425,5503
DA:426,10497
DA:427,10584
DA:428,5504
DA:429,5523
DA:430,42400
DA:431,42097
DA:432,23222
DA:433,23065
DA:434,189960
DA:435,189461
DA:436,5477
DA:437,5589
DA:438,10410
DA:439,10484
DA:440,5400
DA:441,5474
DA:442,42271
DA:443,41989
DA:444,23069
DA:445,23049
DA:446,189400
DA:447,189953
DA:448,5447
DA:449,5574
DA:450,10656
DA:451,10479
DA:452,5500
DA:453,5369
DA:454,42039
DA:455,42164
DA:456,23325
DA:457,22894
DA:458,188949
DA:459,189457
DA:460,5381
DA:461,5453
DA:462,10438
DA:463,10602
DA:464,5346
DA:465,5429
DA:466,42066
DA:467,42182
DA:468,22911
DA:469,23043
DA:470,189097
DA:471,189248
DA:472,5318
DA:473,5464
DA:474,10636
DA:475,10466
DA:476,5417
DA:477,5382
DA:478,42279
DA:479,42028
DA:480,23025
DA:481,23071
DA:482,188297
DA:483,188482
DA:484,5393
DA:485,5330
DA:486,10573
DA:487,10488
DA:488,5496
DA:489,5490
DA:490,41858
DA:491,41855
DA:492,23103
DA:493,22870
DA:494,188569
DA:495,188175
DA:496,5444
DA:497,5485
DA:498,10347
DA:499,10472
DA:500,5470
DA:501,5460
DA:502,41841
DA:503,41820
DA:504,22837
DA:505,22786
DA:506,188522
DA:507,187760
DA:508,5496
DA:509,5394
DA:510,10388
DA:511,10473
DA:512,5389
DA:513,5380
DA:514,10486
DA:515,649779
DA:516,10593
DA:517,657562
DA:519,69671
DA:520,12313
DA:521,36470
DA:522,3683
DA:523,3332
DA:524,17143
DA:525,12159
DA:527,133406
DA:528,133407
DA:926,26356
DA:929,2927
DA:932,2815
DA:935,2912
DA:938,2914
DA:941,2864
DA:944,3002
DA:947,3089
DA:950,2926
DA:953,2999
DA:956,2993
DA:959,2914
DA:962,2964
DA:965,3082
DA:968,2974
DA:971,3010
DA:974,3194
DA:977,2923
DA:980,3073
DA:983,3083
DA:986,3079
DA:989,2986
DA:992,3132
DA:995,3051
DA:998,3288
DA:1001,3262
DA:1004,3004
DA:1007,3172
DA:1010,3398
DA:1013,3164
DA:1016,3145
DA:1019,3219
DA:1022,3235
DA:1025,3190
DA:1028,3359
DA:1031,3173
DA:1034,3360
DA:1037,3290
DA:1040,3268
DA:1043,3300
DA:1046,3087
DA:1049,3252
DA:1052,3161
DA:1055,3232
DA:1058,3153
DA:1061,3339
DA:1064,3255
DA:1067,3305
DA:1070,3264
DA:1073,3260
DA:1076,3315
DA:1079,3235
DA:1082,3258
DA:1085,3189
DA:1088,3370
DA:1091,3377
DA:1094,3435
DA:1097,3197
DA:1100,3323
DA:1103,3278
DA:1106,3308
DA:1109,3338
DA:1112,3417
DA:1115,3202
DA:1118,3278
DA:1125,1717
DA:1126,1726
DA:1127,1797
DA:1128,1765
DA:1129,1719
DA:1130,1692
DA:1131,1762
DA:1132,1854
DA:1133,1869
DA:1134,1845
DA:1135,1781
DA:1136,1750
DA:1137,1791
DA:1138,1834
DA:1139,1768
DA:1140,1808
DA:1141,1825
DA:1142,1892
DA:1143,1798
DA:1144,1891
DA:1145,1873
DA:1146,1942
DA:1147,1864
DA:1148,2033
DA:1149,1830
DA:1150,1950
DA:1151,1991
DA:1152,2003
DA:1153,1896
DA:1154,1930
DA:1155,1951
DA:1156,1945
DA:1157,1908
DA:1158,1994
DA:1159,2008
DA:1160,2013
DA:1161,2092
DA:1162,1947
DA:1163,2123
DA:1164,1936
DA:1165,2025
DA:1166,2005
DA:1167,2014
DA:1168,2108
DA:1169,2079
DA:1170,1983
DA:1171,2057
DA:1172,2114
DA:1173,2093
DA:1174,2135
DA:1175,2067
DA:1176,2082
DA:1177,2121
DA:1178,2085
DA:1179,2071
DA:1180,2062
DA:1181,2073
DA:1182,2142
DA:1183,2197
DA:1184,2029
DA:1185,2189
DA:1186,2138
DA:1187,2120
DA:1188,2039
DA:1189,8110304
DA:1190,426
DA:1191,213
DA:1192,213
DA:1193,213
DA:1194,213
DA:1195,213
DA:1196,213
DA:1197,213
DA:1198,213
DA:1199,213
DA:1200,213
DA:1201,213
DA:1202,213
DA:1203,213
DA:1204,213
DA:1205,213
DA:1206,213
DA:1207,213
DA:1208,213
DA:1209,213
DA:1210,213
DA:1211,213
DA:1212,213
DA:1213,213
DA:1214,213
DA:1215,213
DA:1216,213
DA:1217,213
DA:1218,213
DA:1219,213
DA:1220,213
DA:1221,213
DA:1222,213
DA:1223,213
DA:1224,213
DA:1225,213
DA:1226,213
DA:1227,213
DA:1228,213
DA:1229,213
DA:1230,213
DA:1231,213
DA:1232,213
DA:1233,213
DA:1234,213
DA:1235,213
DA:1236,213
DA:1237,213
DA:1238,213
DA:1239,213
DA:1240,213
DA:1241,213
DA:1242,213
DA:1243,213
DA:1244,213
DA:1245,213
DA:1246,213
DA:1247,213
DA:1248,213
DA:1249,213
DA:1250,213
DA:1251,213
DA:1252,213
DA:1253,213
DA:1254,213
DA:1255,213
DA:1256,213
DA:1257,213
DA:1258,213
DA:1259,213
DA:1260,213
DA:1261,213
DA:1262,213
DA:1263,213
DA:1264,213
DA:1265,213
DA:1266,213
DA:1267,213
DA:1268,213
DA:1269,213
DA:1270,213
DA:1271,213
DA:1272,213
DA:1273,213
DA:1274,213
DA:1275,213
DA:1276,213
DA:1277,213
DA:1278,213
DA:1279,213
DA:1280,213
DA:1281,213
DA:1282,213
DA:1283,213
DA:1284,213
DA:1285,213
DA:1286,213
DA:1287,213
DA:1288,213
DA:1289,213
DA:1290,213
DA:1291,213
DA:1292,213
DA:1293,213
DA:1294,213
DA:1295,213
DA:1296,213
DA:1297,213
DA:1298,213
DA:1299,213
DA:1300,213
DA:1301,213
DA:1302,213
DA:1303,213
DA:1304,213
DA:1305,213
DA:1306,213
DA:1307,213
DA:1308,213
DA:1309,213
DA:1310,213
DA:1311,213
DA:1312,213
DA:1313,213
DA:1314,213
DA:1315,213
DA:1316,213
DA:1317,213
DA:1318,213
DA:1319,213
DA:1320,213
DA:1321,213
DA:1322,213
DA:1323,213
DA:1324,213
DA:1325,213
DA:1326,213
DA:1327,213
DA:1328,213
DA:1329,213
DA:1330,213
DA:1331,213
DA:1332,213
DA:1333,213
DA:1334,213
DA:1335,213
DA:1336,213
DA:1337,213
DA:1338,213
DA:1339,213
DA:1340,213
DA:1341,213
DA:1342,213
DA:1343,213
DA:1344,213
DA:1345,213
DA:1346,213
DA:1347,213
DA:1348,213
DA:1349,213
DA:1350,213
DA:1351,213
DA:1352,213
DA:1353,213
DA:1354,213
DA:1355,213
DA:1356,213
DA:1357,213
DA:1358,213
DA:1359,213
DA:1360,213
DA:1361,213
DA:1362,213
DA:1363,213
DA:1364,213
DA:1365,213
DA:1366,213
DA:1367,213
DA:1368,213
DA:1369,213
DA:1370,213
DA:1371,213
DA:1372,213
DA:1373,213
DA:1374,213
DA:1375,213
DA:1376,213
DA:1377,213
DA:1378,213
DA:1379,213
DA:1380,213
DA:1381,213
DA:1382,213
DA:1383,213
DA:1384,213
DA:1385,213
DA:1386,213
DA:1387,213
DA:1388,213
DA:1389,213
DA:1390,213
DA:1391,213
DA:1392,213
DA:1393,213
DA:1394,213
DA:1395,213
DA:1396,213
DA:1397,213
DA:1398,213
DA:1399,213
DA:1400,213
DA:1401,213
DA:1402,213
DA:1403,213
DA:1404,213
DA:1405,213
DA:1406,213
DA:1407,213
DA:1408,213
DA:1409,213
DA:1410,213
DA:1411,213
DA:1412,213
DA:1413,213
DA:1414,213
DA:1415,213
DA:1416,213
DA:1417,213
DA:1418,213
DA:1419,213
DA:1420,213
DA:1421,213
DA:1422,213
DA:1423,213
DA:1424,213
DA:1425,213
DA:1426,213
DA:1427,213
DA:1428,213
DA:1429,213
DA:1430,213
DA:1431,213
DA:1432,213
DA:1433,213
DA:1434,213
DA:1435,213
DA:1436,213
DA:1437,213
DA:1438,213
DA:1439,213
DA:1440,213
DA:1441,213
DA:1442,213
DA:1443,213
DA:1444,213
DA:1445,213
DA:1446,213
DA:1447,213
DA:1448,213
DA:1449,213
DA:1450,213
DA:1451,213
DA:1452,213
DA:1453,213
DA:1454,213
DA:1455,213
DA:1456,213
DA:1457,213
DA:1458,213
DA:1459,213
DA:1460,213
DA:1461,213
DA:1462,213
DA:1463,213
DA:1464,213
DA:1465,213
DA:1466,213
DA:1467,213
DA:1468,213
DA:1469,213
DA:1470,213
DA:1471,213
DA:1472,213
DA:1473,213
DA:1474,213
DA:1475,213
DA:1476,213
DA:1477,213
DA:1478,213
DA:1479,213
DA:1480,213
DA:1481,213
DA:1482,213
DA:1483,213
DA:1484,213
DA:1485,213
DA:1486,213
DA:1487,213
DA:1488,213
DA:1489,213
DA:1490,213
DA:1491,213
DA:1492,213
DA:1493,213
DA:1494,213
DA:1495,213
DA:1496,213
DA:1497,213
DA:1498,213
DA:1499,213
DA:1500,213
DA:1501,213
DA:1502,213
DA:1503,213
DA:1504,213
DA:1505,213
DA:1506,213
DA:1507,213
DA:1508,213
DA:1509,213
DA:1510,213
DA:1511,213
DA:1512,213
DA:1513,213
DA:1514,213
DA:1515,213
DA:1516,213
DA:1517,213
DA:1518,213
DA:1519,213
DA:1520,213
DA:1521,213
DA:1522,213
DA:1523,213
DA:1524,213
DA:1525,213
DA:1526,213
DA:1527,213
DA:1528,213
DA:1529,213
DA:1530,213
DA:1531,213
DA:1532,213
DA:1533,213
DA:1534,213
DA:1535,213
DA:1536,213
DA:1537,213
DA:1538,213
DA:1539,213
DA:1540,213
DA:1541,213
DA:1542,213
DA:1543,213
DA:1544,213
DA:1545,213
DA:1546,213
DA:1547,213
DA:1548,213
DA:1549,213
DA:1550,213
DA:1551,213
DA:1552,213
DA:1553,213
DA:1554,213
DA:1555,213
DA:1556,213
DA:1557,213
DA:1558,213
DA:1559,213
DA:1560,213
DA:1561,213
DA:1562,213
DA:1563,213
DA:1564,213
DA:1565,213
DA:1566,213
DA:1567,213
DA:1568,213
DA:1569,213
DA:1570,213
DA:1571,213
DA:1572,213
DA:1573,213
DA:1574,213
DA:1575,213
DA:1576,213
DA:1577,213
DA:1578,213
DA:1579,213
DA:1580,213
DA:1581,213
DA:1582,213
DA:1583,213
DA:1585,4054939
DA:1586,21712
DA:1587,10856
DA:1588,10856
DA:1589,10856
DA:1590,10856
DA:1591,10856
DA:1592,10856
DA:1593,10856
DA:1594,10856
DA:1595,10856
DA:1596,10856
DA:1597,10856
DA:1598,10856
DA:1600,4044083
DA:1601,2926
DA:1602,838
DA:1603,419
DA:1604,570
DA:1605,474
DA:1607,2814
DA:1608,918
DA:1609,459
DA:1610,507
DA:1611,441
DA:1613,838
DA:1614,419
DA:1615,918
DA:1616,459
DA:1618,21676
DA:1619,10838
DA:1620,10838
DA:1621,10838
DA:1622,10838
DA:1623,10838
DA:1624,10838
DA:1625,10838
DA:1626,10838
DA:1627,10838
DA:1628,10838
DA:1629,10838
DA:1630,10838
DA:1632,4044101
DA:1633,2912
DA:1634,938
DA:1635,469
DA:1636,560
DA:1637,427
DA:1639,2914
DA:1640,858
DA:1641,429
DA:1642,550
DA:1643,478
DA:1645,938
DA:1646,469
DA:1647,858
DA:1648,429
DA:1650,21648
DA:1651,10824
DA:1652,10824
DA:1653,10824
DA:1654,10824
DA:1655,10824
DA:1656,10824
DA:1657,10824
DA:1658,10824
DA:1659,10824
DA:1660,10824
DA:1661,10824
DA:1662,10824
DA:1664,4044115
DA:1665,2864
DA:1666,876
DA:1667,438
DA:1668,521
DA:1669,473
DA:1671,3002
DA:1672,928
DA:1673,464
DA:1674,563
DA:1675,474
DA:1677,876
DA:1678,438
DA:1679,928
DA:1680,464
DA:1682,21600
DA:1683,10800
DA:1684,10800
DA:1685,10800
DA:1686,10800
DA:1687,10800
DA:1688,10800
DA:1689,10800
DA:1690,10800
DA:1691,10800
DA:1692,10800
DA:1693,10800
DA:1694,10800
DA:1696,4044139
DA:1697,3088
DA:1698,866
DA:1699,433
DA:1700,572
DA:1701,539
DA:1703,2926
DA:1704,914
DA:1705,457
DA:1706,506
DA:1707,500
DA:1709,866
DA:1710,433
DA:1711,914
DA:1712,457
DA:1714,21552
DA:1715,10776
DA:1716,10776
DA:1717,10776
DA:1718,10776
DA:1719,10776
DA:1720,10776
DA:1721,10776
DA:1722,10776
DA:1723,10776
DA:1724,10776
DA:1725,10776
DA:1726,10776
DA:1728,4044163
DA:1729,2998
DA:1730,966
DA:1731,483
DA:1732,516
DA:1733,500
DA:1735,2992
DA:1736,972
DA:1737,486
DA:1738,535
DA:1739,475
DA:1741,966
DA:1742,483
DA:1743,972
DA:1744,486
DA:1746,21524
DA:1747,10762
DA:1748,10762
DA:1749,10762
DA:1750,10762
DA:1751,10762
DA:1752,10762
DA:1753,10762
DA:1754,10762
DA:1755,10762
DA:1756,10762
DA:1757,10762
DA:1758,10762
DA:1760,4044177
DA:1761,2914
DA:1762,928
DA:1763,464
DA:1764,511
DA:1765,482
DA:1767,2964
DA:1768,904
DA:1769,452
DA:1770,502
DA:1771,528
DA:1773,928
DA:1774,464
DA:1775,904
DA:1776,452
DA:1778,21492
DA:1779,10746
DA:1780,10746
DA:1781,10746
DA:1782,10746
DA:1783,10746
DA:1784,10746
DA:1785,10746
DA:1786,10746
DA:1787,10746
DA:1788,10746
DA:1789,10746
DA:1790,10746
DA:1792,4044193
DA:1793,3082
DA:1794,918
DA:1795,459
DA:1796,567
DA:1797,515
DA:1799,2974
DA:1800,884
DA:1801,442
DA:1802,538
DA:1803,507
DA:1805,918
DA:1806,459
DA:1807,884
DA:1808,442
DA:1810,21456
DA:1811,10728
DA:1812,10728
DA:1813,10728
DA:1814,10728
DA:1815,10728
DA:1816,10728
DA:1817,10728
DA:1818,10728
DA:1819,10728
DA:1820,10728
DA:1821,10728
DA:1822,10728
DA:1824,4044211
DA:1825,3010
DA:1826,856
DA:1827,428
DA:1828,555
DA:1829,522
DA:1831,3194
DA:1832,904
DA:1833,452
DA:1834,554
DA:1835,591
DA:1837,856
DA:1838,428
DA:1839,904
DA:1840,452
DA:1842,21420
DA:1843,10710
DA:1844,10710
DA:1845,10710
DA:1846,10710
DA:1847,10710
DA:1848,10710
DA:1849,10710
DA:1850,10710
DA:1851,10710
DA:1852,10710
DA:1853,10710
DA:1854,10710
DA:1856,4044229
DA:1857,2922
DA:1858,958
DA:1859,479
DA:1860,516
DA:1861,466
DA:1863,3072
DA:1864,958
DA:1865,479
DA:1866,562
DA:1867,495
DA:1869,958
DA:1870,479
DA:1871,958
DA:1872,479
DA:1874,21394
DA:1875,10697
DA:1876,10697
DA:1877,10697
DA:1878,10697
DA:1879,10697
DA:1880,10697
DA:1881,10697
DA:1882,10697
DA:1883,10697
DA:1884,10697
DA:1885,10697
DA:1886,10697
DA:1888,4044242
DA:1889,3082
DA:1890,878
DA:1891,439
DA:1892,546
DA:1893,556
DA:1895,3078
DA:1896,918
DA:1897,459
DA:1898,547
DA:1899,533
DA:1901,878
DA:1902,439
DA:1903,918
DA:1904,459
DA:1906,21354
DA:1907,10677
DA:1908,10677
DA:1909,10677
DA:1910,10677
DA:1911,10677
DA:1912,10677
DA:1913,10677
DA:1914,10677
DA:1915,10677
DA:1916,10677
DA:1917,10677
DA:1918,10677
DA:1920,4044262
DA:1921,2986
DA:1922,926
DA:1923,463
DA:1924,497
DA:1925,533
DA:1927,3132
DA:1928,936
DA:1929,468
DA:1930,567
DA:1931,531
DA:1933,926
DA:1934,463
DA:1935,936
DA:1936,468
DA:1938,21324
DA:1939,10662
DA:1940,10662
DA:1941,10662
DA:1942,10662
DA:1943,10662
DA:1944,10662
DA:1945,10662
DA:1946,10662
DA:1947,10662
DA:1948,10662
DA:1949,10662
DA:1950,10662
DA:1952,4044277
DA:1953,3050
DA:1954,944
DA:1955,472
DA:1956,532
DA:1957,521
DA:1959,3288
DA:1960,1030
DA:1961,515
DA:1962,575
DA:1963,554
DA:1965,944
DA:1966,472
DA:1967,1030
DA:1968,515
DA:1970,21300
DA:1971,10650
DA:1972,10650
DA:1973,10650
DA:1974,10650
DA:1975,10650
DA:1976,10650
DA:1977,10650
DA:1978,10650
DA:1979,10650
DA:1980,10650
DA:1981,10650
DA:1982,10650
DA:1984,4044289
DA:1985,3262
DA:1986,910
DA:1987,455
DA:1988,571
DA:1989,605
DA:1991,3004
DA:1992,932
DA:1993,466
DA:1994,533
DA:1995,503
DA:1997,910
DA:1998,455
DA:1999,932
DA:2000,466
DA:2002,21262
DA:2003,10631
DA:2004,10631
DA:2005,10631
DA:2006,10631
DA:2007,10631
DA:2008,10631
DA:2009,10631
DA:2010,10631
DA:2011,10631
DA:2012,10631
DA:2013,10631
DA:2014,10631
DA:2016,4044308
DA:2017,3172
DA:2018,976
DA:2019,488
DA:2020,557
DA:2021,541
DA:2023,3398
DA:2024,1024
DA:2025,512
DA:2026,601
DA:2027,586
DA:2029,976
DA:2030,488
DA:2031,1024
DA:2032,512
DA:2034,21234
DA:2035,10617
DA:2036,10617
DA:2037,10617
DA:2038,10617
DA:2039,10617
DA:2040,10617
DA:2041,10617
DA:2042,10617
DA:2043,10617
DA:2044,10617
DA:2045,10617
DA:2046,10617
DA:2048,4044322
DA:2049,3164
DA:2050,1006
DA:2051,503
DA:2052,541
DA:2053,538
DA:2055,3144
DA:2056,940
DA:2057,470
DA:2058,532
DA:2059,570
DA:2061,1006
DA:2062,503
DA:2063,940
DA:2064,470
DA:2066,21196
DA:2067,10598
DA:2068,10598
DA:2069,10598
DA:2070,10598
DA:2071,10598
DA:2072,10598
DA:2073,10598
DA:2074,10598
DA:2075,10598
DA:2076,10598
DA:2077,10598
DA:2078,10598
DA:2080,4044341
DA:2081,3218
DA:2082,974
DA:2083,487
DA:2084,561
DA:2085,561
DA:2087,3234
DA:2088,1016
DA:2089,508
DA:2090,555
DA:2091,554
DA:2093,974
DA:2094,487
DA:2095,1016
DA:2096,508
DA:2098,21168
DA:2099,10584
DA:2100,10584
DA:2101,10584
DA:2102,10584
DA:2103,10584
DA:2104,10584
DA:2105,10584
DA:2106,10584
DA:2107,10584
DA:2108,10584
DA:2109,10584
DA:2110,10584
DA:2112,4044355
DA:2113,3190
DA:2114,938
DA:2115,469
DA:2116,565
DA:2117,561
DA:2119,3358
DA:2120,1070
DA:2121,535
DA:2122,576
DA:2123,568
DA:2125,938
DA:2126,469
DA:2127,1070
DA:2128,535
DA:2130,21126
DA:2131,10563
DA:2132,10563
DA:2133,10563
DA:2134,10563
DA:2135,10563
DA:2136,10563
DA:2137,10563
DA:2138,10563
DA:2139,10563
DA:2140,10563
DA:2141,10563
DA:2142,10563
DA:2144,4044376
DA:2145,3172
DA:2146,1034
DA:2147,517
DA:2148,508
DA:2149,561
DA:2151,3360
DA:2152,1050
DA:2153,525
DA:2154,557
DA:2155,598
DA:2157,1034
DA:2158,517
DA:2159,1050
DA:2160,525
DA:2162,21100
DA:2163,10550
DA:2164,10550
DA:2165,10550
DA:2166,10550
DA:2167,10550
DA:2168,10550
DA:2169,10550
DA:2170,10550
DA:2171,10550
DA:2172,10550
DA:2173,10550
DA:2174,10550
DA:2176,4044389
DA:2177,3290
DA:2178,1046
DA:2179,523
DA:2180,568
DA:2181,554
DA:2183,3268
DA:2184,974
DA:2185,487
DA:2186,578
DA:2187,569
DA:2189,1046
DA:2190,523
DA:2191,974
DA:2192,487
DA:2194,21084
DA:2195,10542
DA:2196,10542
DA:2197,10542
DA:2198,10542
DA:2199,10542
DA:2200,10542
DA:2201,10542
DA:2202,10542
DA:2203,10542
DA:2204,10542
DA:2205,10542
DA:2206,10542
DA:2208,4044397
DA:2209,3300
DA:2210,1046
DA:2211,523
DA:2212,540
DA:2213,587
DA:2215,3086
DA:2216,934
DA:2217,467
DA:2218,526
DA:2219,550
DA:2221,1046
DA:2222,523
DA:2223,934
DA:2224,467
DA:2226,21048
DA:2227,10524
DA:2228,10524
DA:2229,10524
DA:2230,10524
DA:2231,10524
DA:2232,10524
DA:2233,10524
DA:2234,10524
DA:2235,10524
DA:2236,10524
DA:2237,10524
DA:2238,10524
DA:2240,4044415
DA:2241,3252
DA:2242,1052
DA:2243,526
DA:2244,558
DA:2245,542
DA:2247,3160
DA:2248,1032
DA:2249,516
DA:2250,541
DA:2251,523
DA:2253,1052
DA:2254,526
DA:2255,1032
DA:2256,516
DA:2258,21024
DA:2259,10512
DA:2260,10512
DA:2261,10512
DA:2262,10512
DA:2263,10512
DA:2264,10512
DA:2265,10512
DA:2266,10512
DA:2267,10512
DA:2268,10512
DA:2269,10512
DA:2270,10512
DA:2272,4044427
DA:2273,3232
DA:2274,978
DA:2275,489
DA:2276,556
DA:2277,571
DA:2279,3152
DA:2280,1016
DA:2281,508
DA:2282,525
DA:2283,543
DA:2285,978
DA:2286,489
DA:2287,1016
DA:2288,508
DA:2290,21002
DA:2291,10501
DA:2292,10501
DA:2293,10501
DA:2294,10501
DA:2295,10501
DA:2296,10501
DA:2297,10501
DA:2298,10501
DA:2299,10501
DA:2300,10501
DA:2301,10501
DA:2302,10501
DA:2304,4044438
DA:2305,3338
DA:2306,1094
DA:2307,547
DA:2308,530
DA:2309,592
DA:2311,3254
DA:2312,1002
DA:2313,501
DA:2314,548
DA:2315,578
DA:2317,1094
DA:2318,547
DA:2319,1002
DA:2320,501
DA:2322,20976
DA:2323,10488
DA:2324,10488
DA:2325,10488
DA:2326,10488
DA:2327,10488
DA:2328,10488
DA:2329,10488
DA:2330,10488
DA:2331,10488
DA:2332,10488
DA:2333,10488
DA:2334,10488
DA:2336,4044451
DA:2337,3304
DA:2338,1018
DA:2339,509
DA:2340,581
DA:2341,562
DA:2343,3264
DA:2344,1062
DA:2345,531
DA:2346,551
DA:2347,550
DA:2349,1018
DA:2350,509
DA:2351,1062
DA:2352,531
DA:2354,20930
DA:2355,10465
DA:2356,10465
DA:2357,10465
DA:2358,10465
DA:2359,10465
DA:2360,10465
DA:2361,10465
DA:2362,10465
DA:2363,10465
DA:2364,10465
DA:2365,10465
DA:2366,10465
DA:2368,4044474
DA:2369,3260
DA:2370,1052
DA:2371,526
DA:2372,536
DA:2373,568
DA:2375,3314
DA:2376,1066
DA:2377,533
DA:2378,552
DA:2379,572
DA:2381,1052
DA:2382,526
DA:2383,1066
DA:2384,533
DA:2386,20900
DA:2387,10450
DA:2388,10450
DA:2389,10450
DA:2390,10450
DA:2391,10450
DA:2392,10450
DA:2393,10450
DA:2394,10450
DA:2395,10450
DA:2396,10450
DA:2397,10450
DA:2398,10450
DA:2400,4044489
DA:2401,3234
DA:2402,1010
DA:2403,505
DA:2404,543
DA:2405,569
DA:2407,3258
DA:2408,1082
DA:2409,541
DA:2410,529
DA:2411,559
DA:2413,1010
DA:2414,505
DA:2415,1082
DA:2416,541
DA:2418,20876
DA:2419,10438
DA:2420,10438
DA:2421,10438
DA:2422,10438
DA:2423,10438
DA:2424,10438
DA:2425,10438
DA:2426,10438
DA:2427,10438
DA:2428,10438
DA:2429,10438
DA:2430,10438
DA:2432,4044501
DA:2433,3188
DA:2434,1026
DA:2435,513
DA:2436,536
DA:2437,545
DA:2439,3370
DA:2440,1050
DA:2441,525
DA:2442,575
DA:2443,585
DA:2445,1026
DA:2446,513
DA:2447,1050
DA:2448,525
DA:2450,20844
DA:2451,10422
DA:2452,10422
DA:2453,10422
DA:2454,10422
DA:2455,10422
DA:2456,10422
DA:2457,10422
DA:2458,10422
DA:2459,10422
DA:2460,10422
DA:2461,10422
DA:2462,10422
DA:2464,4044517
DA:2465,3376
DA:2466,1070
DA:2467,535
DA:2468,516
DA:2469,637
DA:2471,3434
DA:2472,1072
DA:2473,536
DA:2474,605
DA:2475,576
DA:2477,1070
DA:2478,535
DA:2479,1072
DA:2480,536
DA:2482,20810
DA:2483,10405
DA:2484,10405
DA:2485,10405
DA:2486,10405
DA:2487,10405
DA:2488,10405
DA:2489,10405
DA:2490,10405
DA:2491,10405
DA:2492,10405
DA:2493,10405
DA:2494,10405
DA:2496,4044534
DA:2497,3196
DA:2498,1050
DA:2499,525
DA:2500,533
DA:2501,540
DA:2503,3322
DA:2504,1056
DA:2505,528
DA:2506,540
DA:2507,593
DA:2509,1050
DA:2510,525
DA:2511,1056
DA:2512,528
DA:2514,20776
DA:2515,10388
DA:2516,10388
DA:2517,10388
DA:2518,10388
DA:2519,10388
DA:2520,10388
DA:2521,10388
DA:2522,10388
DA:2523,10388
DA:2524,10388
DA:2525,10388
DA:2526,10388
DA:2528,4044551
DA:2529,3278
DA:2530,1088
DA:2531,544
DA:2532,537
DA:2533,558
DA:2535,3308
DA:2536,1002
DA:2537,501
DA:2538,553
DA:2539,600
DA:2541,1088
DA:2542,544
DA:2543,1002
DA:2544,501
DA:2546,20750
DA:2547,10375
DA:2548,10375
DA:2549,10375
DA:2550,10375
DA:2551,10375
DA:2552,10375
DA:2553,10375
DA:2554,10375
DA:2555,10375
DA:2556,10375
DA:2557,10375
DA:2558,10375
DA:2560,4044564
DA:2561,3338
DA:2562,1110
DA:2563,555
DA:2564,546
DA:2565,568
DA:2567,3416
DA:2568,1052
DA:2569,526
DA:2570,570
DA:2571,612
DA:2573,1110
DA:2574,555
DA:2575,1052
DA:2576,526
DA:2578,20726
DA:2579,10363
DA:2580,10363
DA:2581,10363
DA:2582,10363
DA:2583,10363
DA:2584,10363
DA:2585,10363
DA:2586,10363
DA:2587,10363
DA:2588,10363
DA:2589,10363
DA:2590,10363
DA:2592,4044576
DA:2593,3202
DA:2594,1054
DA:2595,527
DA:2596,517
DA:2597,557
DA:2599,3278
DA:2600,1046
DA:2601,523
DA:2602,545
DA:2603,571
DA:2605,1054
DA:2606,527
DA:2607,1046
DA:2608,523
DA:2610,4054939
DA:2611,822
DA:2612,411
DA:2613,411
DA:2615,4054528
DA:2616,670226
DA:2617,335113
DA:2618,678284
DA:2619,339142
DA:2621,4054939
DA:2622,13618
DA:2624,6809
DA:2625,6809
DA:2626,6809
DA:2627,6809
DA:2628,6809
DA:2629,6809
DA:2631,4048130
DA:2632,103190
DA:2633,3944940
DA:2635,103190
DA:2636,822
DA:2637,411
DA:2638,4048130
DA:2647,2
DA:3050,0
DA:3051,0
DA:3052,0
DA:3053,0
DA:3054,0
DA:3055,0
DA:3056,0
DA:3057,0
DA:3058,0
DA:3059,0
DA:3060,0
DA:3061,0
DA:3062,0
DA:3063,0
DA:3064,0
DA:3065,0
DA:3066,0
DA:3067,0
DA:3068,0
DA:3069,0
DA:3070,0
DA:3071,0
DA:3072,0
DA:3073,0
DA:3074,0
DA:3075,0
DA:3076,0
DA:3077,0
DA:3078,0
DA:3079,0
DA:3080,0
DA:3081,0
DA:3082,0
DA:3083,0
DA:3084,0
DA:3085,0
DA:3086,0
DA:3087,0
DA:3088,0
DA:3089,0
DA:3090,0
DA:3091,0
DA:3092,0
DA:3093,0
DA:3094,0
DA:3095,0
DA:3096,0
DA:3097,0
DA:3098,0
DA:3099,0
DA:3100,0
DA:3101,0
DA:3102,0
DA:3103,0
DA:3104,0
DA:3105,0
DA:3106,0
DA:3107,0
DA:3108,0
DA:3109,0
DA:3110,0
DA:3111,0
DA:3112,0
DA:3113,0
DA:3114,0
DA:3115,0
DA:3116,0
DA:3117,0
DA:3118,0
DA:3119,0
DA:3120,0
DA:3121,0
DA:3122,0
DA:3123,0
DA:3124,0
DA:3125,0
DA:3126,0
DA:3127,0
DA:3128,0
DA:3129,0
DA:3130,0
DA:3131,0
DA:3132,0
DA:3133,0
DA:3134,0
DA:3135,0
DA:3136,0
DA:3137,0
DA:3138,0
DA:3139,0
DA:3140,0
DA:3141,0
DA:3142,0
DA:3143,0
DA:3144,0
DA:3145,0
DA:3146,0
DA:3147,0
DA:3148,0
DA:3149,0
DA:3150,0
DA:3151,0
DA:3152,0
DA:3153,0
DA:3154,0
DA:3155,0
DA:3156,0
DA:3157,0
DA:3158,0
DA:3159,0
DA:3160,0
DA:3161,0
DA:3162,0
DA:3163,0
DA:3164,0
DA:3165,0
DA:3166,0
DA:3167,0
DA:3168,0
DA:3169,0
DA:3170,0
DA:3171,0
DA:3172,0
DA:3173,0
DA:3174,0
DA:3175,0
DA:3176,0
DA:3177,0
DA:3178,0
DA:3179,0
DA:3180,0
DA:3181,0
DA:3182,0
DA:3183,0
DA:3184,0
DA:3185,0
DA:3186,0
DA:3187,0
DA:3188,0
DA:3189,0
DA:3190,0
DA:3191,0
DA:3192,0
DA:3193,0
DA:3194,0
DA:3195,0
DA:3196,0
DA:3197,0
DA:3198,0
DA:3199,0
DA:3200,0
DA:3201,0
DA:3202,0
DA:3203,0
DA:3204,0
DA:3205,0
DA:3206,0
DA:3207,0
DA:3208,0
DA:3209,0
DA:3210,0
DA:3211,0
DA:3212,0
DA:3213,0
DA:3214,0
DA:3215,0
DA:3216,0
DA:3217,0
DA:3218,0
DA:3219,0
DA:3220,0
DA:3221,0
DA:3222,0
DA:3223,0
DA:3224,0
DA:3225,0
DA:3226,0
DA:3227,0
DA:3228,0
DA:3229,0
DA:3230,0
DA:3231,0
DA:3232,0
DA:3233,0
DA:3234,0
DA:3235,0
DA:3236,0
DA:3237,0
DA:3238,0
DA:3239,0
DA:3240,0
DA:3241,0
DA:3242,0
DA:3243,0
DA:3244,0
DA:3245,0
DA:3246,0
DA:3247,0
DA:3248,0
DA:3249,0
DA:3250,0
DA:3251,0
DA:3252,0
DA:3253,0
DA:3254,0
DA:3255,0
DA:3256,0
DA:3257,0
DA:3258,0
DA:3259,0
DA:3260,0
DA:3261,0
DA:3262,0
DA:3263,0
DA:3264,0
DA:3265,0
DA:3266,0
DA:3267,0
DA:3268,0
DA:3269,0
DA:3270,0
DA:3271,0
DA:3272,0
DA:3273,0
DA:3274,0
DA:3275,0
DA:3276,0
DA:3277,0
DA:3278,0
DA:3279,0
DA:3280,0
DA:3281,0
DA:3282,0
DA:3283,0
DA:3284,0
DA:3285,0
DA:3286,0
DA:3287,0
DA:3288,0
DA:3289,0
DA:3290,0
DA:3291,0
DA:3292,0
DA:3293,0
DA:3294,0
DA:3295,0
DA:3296,0
DA:3297,0
DA:3298,0
DA:3299,0
DA:3300,0
DA:3301,0
DA:3302,0
DA:3303,0
DA:3304,0
DA:3305,0
DA:3306,0
DA:3307,0
DA:3308,0
DA:3309,0
DA:3310,0
DA:3311,0
DA:3312,0
DA:3313,0
DA:3314,0
DA:3315,0
DA:3316,0
DA:3317,0
DA:3318,0
DA:3319,0
DA:3320,0
DA:3321,0
DA:3322,0
DA:3323,0
DA:3324,0
DA:3325,0
DA:3326,0
DA:3327,0
DA:3328,0
DA:3329,0
DA:3330,0
DA:3331,0
DA:3332,0
DA:3333,0
DA:3334,0
DA:3335,0
DA:3336,0
DA:3337,0
DA:3338,0
DA:3339,0
DA:3340,0
DA:3341,0
DA:3342,0
DA:3343,0
DA:3344,0
DA:3345,0
DA:3346,0
DA:3347,0
DA:3348,0
DA:3349,0
DA:3350,0
DA:3351,0
DA:3352,0
DA:3353,0
DA:3354,0
DA:3355,0
DA:3356,0
DA:3357,0
DA:3358,0
DA:3359,0
DA:3360,0
DA:3361,0
DA:3362,0
DA:3363,0
DA:3364,0
DA:3365,0
DA:3366,0
DA:3367,0
DA:3368,0
DA:3369,0
DA:3370,0
DA:3371,0
DA:3372,0
DA:3373,0
DA:3374,0
DA:3375,0
DA:3376,0
DA:3377,0
DA:3378,0
DA:3379,0
DA:3380,0
DA:3381,0
DA:3382,0
DA:3383,0
DA:3384,0
DA:3385,0
DA:3386,0
DA:3387,0
DA:3388,0
DA:3389,0
DA:3390,0
DA:3391,0
DA:3392,0
DA:3393,0
DA:3394,0
DA:3395,0
DA:3396,0
DA:3397,0
DA:3398,0
DA:3399,0
DA:3400,0
DA:3401,0
DA:3402,0
DA:3403,0
DA:3404,0
DA:3405,0
DA:3406,0
DA:3407,0
DA:3408,0
DA:3409,0
DA:3410,0
DA:3411,0
DA:3412,0
DA:3413,0
DA:3414,0
DA:3415,0
DA:3416,0
DA:3417,0
DA:3418,0
DA:3419,0
DA:3420,0
DA:3421,0
DA:3422,0
DA:3423,0
DA:3424,0
DA:3425,0
DA:3426,0
DA:3427,0
DA:3428,0
DA:3429,0
DA:3430,0
DA:3431,0
DA:3432,0
DA:3433,0
DA:3434,0
DA:3435,0
DA:3436,0
DA:3437,0
DA:3438,0
DA:3439,0
DA:3440,0
DA:3441,0
DA:3442,0
DA:3443,0
end_of_record
SF:/home/lolifish/Documents/programs/XiangShan_UVM/UnityChipForXiangShan/dut/WayLookup/WayLookup_top.sv
DA:3,8110100
DA:4,204
DA:5,823
DA:6,670227
DA:7,133407
DA:8,1608298
DA:9,1608035
DA:10,806777
DA:11,806165
DA:12,7240995
DA:13,7243154
DA:14,208605
DA:15,208962
DA:16,401683
DA:17,402449
DA:18,201219
DA:19,201096
DA:20,712230
DA:21,72159
DA:22,26356
DA:23,794437
DA:24,1588276
DA:25,1587492
DA:26,794529
DA:27,794624
DA:28,7150556
DA:29,7154060
DA:30,205810
DA:31,206183
DA:32,396758
DA:33,396887
DA:34,198615
DA:35,198454
DA:36,1985301
DA:37,197986
DA:38,598054
DA:39,3892706
DA:40,1191198
DA:41,596617
DA:42,149815
DA:176,0
DA:178,0
DA:181,16220200
DA:183,8110100
DA:186,0
DA:188,0
DA:191,408
DA:193,204
DA:196,0
DA:198,0
DA:201,1646
DA:203,823
DA:206,0
DA:208,0
DA:211,1340454
DA:213,670227
DA:216,606492
DA:218,303246
DA:221,670228
DA:223,335114
DA:226,670228
DA:228,335114
DA:231,670228
DA:233,335114
DA:236,670228
DA:238,335114
DA:241,670228
DA:243,335114
DA:246,670228
DA:248,335114
DA:251,1340454
DA:253,670227
DA:256,1333746
DA:258,666873
DA:261,670228
DA:263,335114
DA:266,670228
DA:268,335114
DA:271,670228
DA:273,335114
DA:276,670228
DA:278,335114
DA:281,13454
DA:283,6727
DA:286,13454
DA:288,6727
DA:291,1195310
DA:293,597655
DA:296,0
DA:298,0
DA:301,1588874
DA:303,794437
DA:306,0
DA:308,0
DA:311,791414
DA:313,395707
DA:316,0
DA:318,0
DA:321,791364
DA:323,395682
DA:326,0
DA:328,0
DA:331,744872
DA:333,372436
DA:336,0
DA:338,0
DA:341,744848
DA:343,372424
DA:346,0
DA:348,0
DA:351,794438
DA:353,397219
DA:356,0
DA:358,0
DA:361,794438
DA:363,397219
DA:366,0
DA:368,0
DA:371,404026
DA:373,202013
DA:376,0
DA:378,0
DA:381,404356
DA:383,202178
DA:386,0
DA:388,0
DA:391,595716
DA:393,297858
DA:396,0
DA:398,0
DA:401,595432
DA:403,297716
DA:406,0
DA:408,0
DA:411,397230
DA:413,198615
DA:416,0
DA:418,0
DA:421,396908
DA:423,198454
DA:426,0
DA:428,0
DA:431,793728
DA:433,396864
DA:436,0
DA:438,0
DA:441,395970
DA:443,197985
DA:446,0
DA:448,0
DA:451,1196110
DA:453,598055
DA:456,0
DA:458,0
DA:461,596790
DA:463,298395
DA:466,0
DA:468,0
DA:471,592734
DA:473,296367
DA:476,0
DA:478,0
DA:481,559524
DA:483,279762
DA:486,0
DA:488,0
DA:491,299630
DA:493,149815
DA:496,4866
DA:498,2433
DA:501,69822
DA:503,34911
DA:506,4866
DA:508,2433
DA:511,69822
DA:513,34911
DA:516,69822
DA:518,34911
DA:521,2
DA:523,1
DA:526,2
DA:528,1
DA:531,2
DA:533,1
DA:536,2
DA:538,1
DA:541,2
DA:543,1
DA:546,2
DA:548,1
DA:551,2
DA:553,1
DA:556,2
DA:558,1
DA:561,2
DA:563,1
DA:566,2
DA:568,1
DA:571,2
DA:573,1
DA:576,2
DA:578,1
DA:581,2
DA:583,1
DA:586,2
DA:588,1
DA:591,104732
DA:593,52366
DA:596,34912
DA:598,17456
DA:603,2
DA:604,1
DA:605,1
DA:609,0
DA:610,0
end_of_record
