TN:verilator_coverage
SF:/home/lolifish/Documents/programs/XiangShan_UVM/UnityChipForXiangShan/dut/WayLookup/WayLookup.v
DA:88,1359
DA:89,28
DA:90,41
DA:91,103
DA:92,108
DA:93,172
DA:94,304
DA:95,82
DA:96,121
DA:97,546
DA:98,734
DA:99,36
DA:100,28
DA:101,28
DA:102,28
DA:103,23
DA:104,13
DA:105,579
DA:106,17
DA:107,17
DA:108,167
DA:109,151
DA:110,121
DA:111,58
DA:112,58
DA:113,533
DA:114,539
DA:115,34
DA:116,30
DA:117,28
DA:118,27
DA:119,13
DA:120,16
DA:121,800
DA:122,21
DA:123,24
DA:124,589
DA:125,114
DA:126,63
DA:127,14
DA:130,127
DA:131,98
DA:132,56
DA:133,47
DA:134,433
DA:135,431
DA:136,27
DA:137,9
DA:138,21
DA:139,24
DA:140,10
DA:141,15
DA:142,90
DA:143,99
DA:144,46
DA:145,47
DA:146,401
DA:147,387
DA:148,23
DA:149,15
DA:150,24
DA:151,18
DA:152,13
DA:153,12
DA:154,87
DA:155,97
DA:156,40
DA:157,48
DA:158,417
DA:159,365
DA:160,21
DA:161,19
DA:162,22
DA:163,29
DA:164,12
DA:165,10
DA:166,93
DA:167,104
DA:168,44
DA:169,48
DA:170,391
DA:171,411
DA:172,20
DA:173,23
DA:174,28
DA:175,23
DA:176,12
DA:177,9
DA:178,103
DA:179,98
DA:180,39
DA:181,42
DA:182,374
DA:183,404
DA:184,20
DA:185,25
DA:186,26
DA:187,29
DA:188,14
DA:189,12
DA:190,92
DA:191,95
DA:192,51
DA:193,56
DA:194,394
DA:195,412
DA:196,20
DA:197,31
DA:198,20
DA:199,19
DA:200,11
DA:201,11
DA:202,105
DA:203,93
DA:204,40
DA:205,50
DA:206,402
DA:207,404
DA:208,19
DA:209,16
DA:210,21
DA:211,22
DA:212,10
DA:213,12
DA:214,86
DA:215,102
DA:216,52
DA:217,47
DA:218,393
DA:219,411
DA:220,24
DA:221,27
DA:222,20
DA:223,21
DA:224,10
DA:225,10
DA:226,84
DA:227,97
DA:228,40
DA:229,48
DA:230,403
DA:231,392
DA:232,23
DA:233,19
DA:234,19
DA:235,18
DA:236,12
DA:237,11
DA:238,100
DA:239,100
DA:240,43
DA:241,50
DA:242,392
DA:243,405
DA:244,26
DA:245,24
DA:246,22
DA:247,22
DA:248,14
DA:249,8
DA:250,105
DA:251,93
DA:252,48
DA:253,56
DA:254,408
DA:255,406
DA:256,21
DA:257,23
DA:258,21
DA:259,18
DA:260,7
DA:261,12
DA:262,84
DA:263,93
DA:264,48
DA:265,47
DA:266,382
DA:267,399
DA:268,17
DA:269,22
DA:270,23
DA:271,23
DA:272,7
DA:273,10
DA:274,82
DA:275,90
DA:276,42
DA:277,38
DA:278,423
DA:279,375
DA:280,22
DA:281,20
DA:282,23
DA:283,17
DA:284,11
DA:285,6
DA:286,84
DA:287,105
DA:288,39
DA:289,43
DA:290,399
DA:291,413
DA:292,17
DA:293,21
DA:294,19
DA:295,23
DA:296,12
DA:297,13
DA:298,96
DA:299,84
DA:300,50
DA:301,34
DA:302,372
DA:303,419
DA:304,19
DA:305,20
DA:306,25
DA:307,25
DA:308,11
DA:309,15
DA:310,74
DA:311,98
DA:312,38
DA:313,44
DA:314,401
DA:315,421
DA:316,24
DA:317,25
DA:318,25
DA:319,22
DA:320,11
DA:321,10
DA:322,78
DA:323,81
DA:324,52
DA:325,51
DA:326,428
DA:327,426
DA:328,17
DA:329,19
DA:330,23
DA:331,25
DA:332,11
DA:333,10
DA:334,96
DA:335,91
DA:336,37
DA:337,43
DA:338,408
DA:339,399
DA:340,23
DA:341,24
DA:342,21
DA:343,25
DA:344,9
DA:345,13
DA:346,82
DA:347,95
DA:348,31
DA:349,41
DA:350,410
DA:351,397
DA:352,21
DA:353,19
DA:354,19
DA:355,23
DA:356,13
DA:357,9
DA:358,88
DA:359,94
DA:360,48
DA:361,37
DA:362,389
DA:363,408
DA:364,26
DA:365,21
DA:366,20
DA:367,23
DA:368,9
DA:369,12
DA:370,79
DA:371,81
DA:372,43
DA:373,44
DA:374,410
DA:375,427
DA:376,21
DA:377,19
DA:378,24
DA:379,20
DA:380,9
DA:381,13
DA:382,87
DA:383,86
DA:384,50
DA:385,48
DA:386,396
DA:387,427
DA:388,18
DA:389,19
DA:390,19
DA:391,25
DA:392,11
DA:393,13
DA:394,91
DA:395,94
DA:396,49
DA:397,45
DA:398,434
DA:399,417
DA:400,21
DA:401,21
DA:402,30
DA:403,24
DA:404,10
DA:405,11
DA:406,88
DA:407,100
DA:408,50
DA:409,45
DA:410,383
DA:411,395
DA:412,22
DA:413,20
DA:414,23
DA:415,16
DA:416,11
DA:417,9
DA:418,78
DA:419,102
DA:420,42
DA:421,53
DA:422,381
DA:423,373
DA:424,23
DA:425,22
DA:426,21
DA:427,32
DA:428,11
DA:429,11
DA:430,96
DA:431,89
DA:432,42
DA:433,44
DA:434,394
DA:435,416
DA:436,23
DA:437,25
DA:438,23
DA:439,25
DA:440,14
DA:441,15
DA:442,91
DA:443,94
DA:444,50
DA:445,33
DA:446,395
DA:447,418
DA:448,21
DA:449,24
DA:450,20
DA:451,21
DA:452,10
DA:453,14
DA:454,85
DA:455,82
DA:456,47
DA:457,43
DA:458,387
DA:459,412
DA:460,20
DA:461,23
DA:462,19
DA:463,21
DA:464,12
DA:465,17
DA:466,86
DA:467,101
DA:468,43
DA:469,42
DA:470,400
DA:471,407
DA:472,23
DA:473,22
DA:474,22
DA:475,18
DA:476,7
DA:477,10
DA:478,86
DA:479,104
DA:480,48
DA:481,44
DA:482,399
DA:483,393
DA:484,25
DA:485,22
DA:486,26
DA:487,21
DA:488,7
DA:489,13
DA:490,83
DA:491,81
DA:492,44
DA:493,47
DA:494,386
DA:495,389
DA:496,19
DA:497,25
DA:498,27
DA:499,21
DA:500,13
DA:501,12
DA:502,78
DA:503,84
DA:504,50
DA:505,45
DA:506,404
DA:507,407
DA:508,28
DA:509,27
DA:510,29
DA:511,17
DA:512,12
DA:513,14
DA:514,11
DA:515,132
DA:516,12
DA:517,203
DA:519,99
DA:520,16
DA:521,641
DA:522,16
DA:523,14
DA:524,54
DA:525,11
DA:527,104
DA:528,108
DA:926,17
DA:929,10
DA:932,10
DA:935,8
DA:938,6
DA:941,8
DA:944,5
DA:947,6
DA:950,7
DA:953,8
DA:956,6
DA:959,7
DA:962,6
DA:965,6
DA:968,9
DA:971,5
DA:974,7
DA:977,10
DA:980,4
DA:983,9
DA:986,8
DA:989,7
DA:992,7
DA:995,10
DA:998,4
DA:1001,6
DA:1004,10
DA:1007,10
DA:1010,4
DA:1013,8
DA:1016,8
DA:1019,8
DA:1022,6
DA:1025,8
DA:1028,7
DA:1031,7
DA:1034,5
DA:1037,7
DA:1040,7
DA:1043,3
DA:1046,8
DA:1049,4
DA:1052,4
DA:1055,7
DA:1058,6
DA:1061,8
DA:1064,4
DA:1067,8
DA:1070,7
DA:1073,5
DA:1076,8
DA:1079,8
DA:1082,6
DA:1085,6
DA:1088,8
DA:1091,9
DA:1094,8
DA:1097,7
DA:1100,9
DA:1103,10
DA:1106,5
DA:1109,8
DA:1112,8
DA:1115,4
DA:1118,7
DA:1125,26
DA:1126,27
DA:1127,22
DA:1128,27
DA:1129,23
DA:1130,25
DA:1131,19
DA:1132,25
DA:1133,23
DA:1134,24
DA:1135,24
DA:1136,28
DA:1137,26
DA:1138,23
DA:1139,24
DA:1140,27
DA:1141,23
DA:1142,23
DA:1143,23
DA:1144,23
DA:1145,24
DA:1146,25
DA:1147,21
DA:1148,26
DA:1149,26
DA:1150,26
DA:1151,22
DA:1152,23
DA:1153,23
DA:1154,21
DA:1155,27
DA:1156,27
DA:1157,21
DA:1158,23
DA:1159,23
DA:1160,28
DA:1161,20
DA:1162,27
DA:1163,22
DA:1164,26
DA:1165,22
DA:1166,26
DA:1167,23
DA:1168,27
DA:1169,22
DA:1170,23
DA:1171,24
DA:1172,25
DA:1173,24
DA:1174,26
DA:1175,26
DA:1176,24
DA:1177,23
DA:1178,23
DA:1179,24
DA:1180,29
DA:1181,24
DA:1182,25
DA:1183,22
DA:1184,27
DA:1185,26
DA:1186,25
DA:1187,22
DA:1188,26
DA:1189,1382
DA:1190,56
DA:1191,28
DA:1192,28
DA:1193,28
DA:1194,28
DA:1195,28
DA:1196,28
DA:1197,28
DA:1198,28
DA:1199,28
DA:1200,28
DA:1201,28
DA:1202,28
DA:1203,28
DA:1204,28
DA:1205,28
DA:1206,28
DA:1207,28
DA:1208,28
DA:1209,28
DA:1210,28
DA:1211,28
DA:1212,28
DA:1213,28
DA:1214,28
DA:1215,28
DA:1216,28
DA:1217,28
DA:1218,28
DA:1219,28
DA:1220,28
DA:1221,28
DA:1222,28
DA:1223,28
DA:1224,28
DA:1225,28
DA:1226,28
DA:1227,28
DA:1228,28
DA:1229,28
DA:1230,28
DA:1231,28
DA:1232,28
DA:1233,28
DA:1234,28
DA:1235,28
DA:1236,28
DA:1237,28
DA:1238,28
DA:1239,28
DA:1240,28
DA:1241,28
DA:1242,28
DA:1243,28
DA:1244,28
DA:1245,28
DA:1246,28
DA:1247,28
DA:1248,28
DA:1249,28
DA:1250,28
DA:1251,28
DA:1252,28
DA:1253,28
DA:1254,28
DA:1255,28
DA:1256,28
DA:1257,28
DA:1258,28
DA:1259,28
DA:1260,28
DA:1261,28
DA:1262,28
DA:1263,28
DA:1264,28
DA:1265,28
DA:1266,28
DA:1267,28
DA:1268,28
DA:1269,28
DA:1270,28
DA:1271,28
DA:1272,28
DA:1273,28
DA:1274,28
DA:1275,28
DA:1276,28
DA:1277,28
DA:1278,28
DA:1279,28
DA:1280,28
DA:1281,28
DA:1282,28
DA:1283,28
DA:1284,28
DA:1285,28
DA:1286,28
DA:1287,28
DA:1288,28
DA:1289,28
DA:1290,28
DA:1291,28
DA:1292,28
DA:1293,28
DA:1294,28
DA:1295,28
DA:1296,28
DA:1297,28
DA:1298,28
DA:1299,28
DA:1300,28
DA:1301,28
DA:1302,28
DA:1303,28
DA:1304,28
DA:1305,28
DA:1306,28
DA:1307,28
DA:1308,28
DA:1309,28
DA:1310,28
DA:1311,28
DA:1312,28
DA:1313,28
DA:1314,28
DA:1315,28
DA:1316,28
DA:1317,28
DA:1318,28
DA:1319,28
DA:1320,28
DA:1321,28
DA:1322,28
DA:1323,28
DA:1324,28
DA:1325,28
DA:1326,28
DA:1327,28
DA:1328,28
DA:1329,28
DA:1330,28
DA:1331,28
DA:1332,28
DA:1333,28
DA:1334,28
DA:1335,28
DA:1336,28
DA:1337,28
DA:1338,28
DA:1339,28
DA:1340,28
DA:1341,28
DA:1342,28
DA:1343,28
DA:1344,28
DA:1345,28
DA:1346,28
DA:1347,28
DA:1348,28
DA:1349,28
DA:1350,28
DA:1351,28
DA:1352,28
DA:1353,28
DA:1354,28
DA:1355,28
DA:1356,28
DA:1357,28
DA:1358,28
DA:1359,28
DA:1360,28
DA:1361,28
DA:1362,28
DA:1363,28
DA:1364,28
DA:1365,28
DA:1366,28
DA:1367,28
DA:1368,28
DA:1369,28
DA:1370,28
DA:1371,28
DA:1372,28
DA:1373,28
DA:1374,28
DA:1375,28
DA:1376,28
DA:1377,28
DA:1378,28
DA:1379,28
DA:1380,28
DA:1381,28
DA:1382,28
DA:1383,28
DA:1384,28
DA:1385,28
DA:1386,28
DA:1387,28
DA:1388,28
DA:1389,28
DA:1390,28
DA:1391,28
DA:1392,28
DA:1393,28
DA:1394,28
DA:1395,28
DA:1396,28
DA:1397,28
DA:1398,28
DA:1399,28
DA:1400,28
DA:1401,28
DA:1402,28
DA:1403,28
DA:1404,28
DA:1405,28
DA:1406,28
DA:1407,28
DA:1408,28
DA:1409,28
DA:1410,28
DA:1411,28
DA:1412,28
DA:1413,28
DA:1414,28
DA:1415,28
DA:1416,28
DA:1417,28
DA:1418,28
DA:1419,28
DA:1420,28
DA:1421,28
DA:1422,28
DA:1423,28
DA:1424,28
DA:1425,28
DA:1426,28
DA:1427,28
DA:1428,28
DA:1429,28
DA:1430,28
DA:1431,28
DA:1432,28
DA:1433,28
DA:1434,28
DA:1435,28
DA:1436,28
DA:1437,28
DA:1438,28
DA:1439,28
DA:1440,28
DA:1441,28
DA:1442,28
DA:1443,28
DA:1444,28
DA:1445,28
DA:1446,28
DA:1447,28
DA:1448,28
DA:1449,28
DA:1450,28
DA:1451,28
DA:1452,28
DA:1453,28
DA:1454,28
DA:1455,28
DA:1456,28
DA:1457,28
DA:1458,28
DA:1459,28
DA:1460,28
DA:1461,28
DA:1462,28
DA:1463,28
DA:1464,28
DA:1465,28
DA:1466,28
DA:1467,28
DA:1468,28
DA:1469,28
DA:1470,28
DA:1471,28
DA:1472,28
DA:1473,28
DA:1474,28
DA:1475,28
DA:1476,28
DA:1477,28
DA:1478,28
DA:1479,28
DA:1480,28
DA:1481,28
DA:1482,28
DA:1483,28
DA:1484,28
DA:1485,28
DA:1486,28
DA:1487,28
DA:1488,28
DA:1489,28
DA:1490,28
DA:1491,28
DA:1492,28
DA:1493,28
DA:1494,28
DA:1495,28
DA:1496,28
DA:1497,28
DA:1498,28
DA:1499,28
DA:1500,28
DA:1501,28
DA:1502,28
DA:1503,28
DA:1504,28
DA:1505,28
DA:1506,28
DA:1507,28
DA:1508,28
DA:1509,28
DA:1510,28
DA:1511,28
DA:1512,28
DA:1513,28
DA:1514,28
DA:1515,28
DA:1516,28
DA:1517,28
DA:1518,28
DA:1519,28
DA:1520,28
DA:1521,28
DA:1522,28
DA:1523,28
DA:1524,28
DA:1525,28
DA:1526,28
DA:1527,28
DA:1528,28
DA:1529,28
DA:1530,28
DA:1531,28
DA:1532,28
DA:1533,28
DA:1534,28
DA:1535,28
DA:1536,28
DA:1537,28
DA:1538,28
DA:1539,28
DA:1540,28
DA:1541,28
DA:1542,28
DA:1543,28
DA:1544,28
DA:1545,28
DA:1546,28
DA:1547,28
DA:1548,28
DA:1549,28
DA:1550,28
DA:1551,28
DA:1552,28
DA:1553,28
DA:1554,28
DA:1555,28
DA:1556,28
DA:1557,28
DA:1558,28
DA:1559,28
DA:1560,28
DA:1561,28
DA:1562,28
DA:1563,28
DA:1564,28
DA:1565,28
DA:1566,28
DA:1567,28
DA:1568,28
DA:1569,28
DA:1570,28
DA:1571,28
DA:1572,28
DA:1573,28
DA:1574,28
DA:1575,28
DA:1576,28
DA:1577,28
DA:1578,28
DA:1579,28
DA:1580,28
DA:1581,28
DA:1582,28
DA:1583,28
DA:1585,663
DA:1586,26
DA:1587,13
DA:1588,13
DA:1589,13
DA:1590,13
DA:1591,13
DA:1592,13
DA:1593,13
DA:1594,13
DA:1595,13
DA:1596,13
DA:1597,13
DA:1598,13
DA:1600,650
DA:1601,4
DA:1602,2
DA:1603,1
DA:1604,0
DA:1605,1
DA:1607,0
DA:1608,0
DA:1609,0
DA:1610,0
DA:1611,0
DA:1613,2
DA:1614,1
DA:1615,0
DA:1616,0
DA:1618,6
DA:1619,3
DA:1620,3
DA:1621,3
DA:1622,3
DA:1623,3
DA:1624,3
DA:1625,3
DA:1626,3
DA:1627,3
DA:1628,3
DA:1629,3
DA:1630,3
DA:1632,660
DA:1633,0
DA:1634,0
DA:1635,0
DA:1636,0
DA:1637,0
DA:1639,0
DA:1640,0
DA:1641,0
DA:1642,0
DA:1643,0
DA:1645,0
DA:1646,0
DA:1647,0
DA:1648,0
DA:1650,6
DA:1651,3
DA:1652,3
DA:1653,3
DA:1654,3
DA:1655,3
DA:1656,3
DA:1657,3
DA:1658,3
DA:1659,3
DA:1660,3
DA:1661,3
DA:1662,3
DA:1664,660
DA:1665,0
DA:1666,0
DA:1667,0
DA:1668,0
DA:1669,0
DA:1671,0
DA:1672,0
DA:1673,0
DA:1674,0
DA:1675,0
DA:1677,0
DA:1678,0
DA:1679,0
DA:1680,0
DA:1682,4
DA:1683,2
DA:1684,2
DA:1685,2
DA:1686,2
DA:1687,2
DA:1688,2
DA:1689,2
DA:1690,2
DA:1691,2
DA:1692,2
DA:1693,2
DA:1694,2
DA:1696,661
DA:1697,0
DA:1698,0
DA:1699,0
DA:1700,0
DA:1701,0
DA:1703,0
DA:1704,0
DA:1705,0
DA:1706,0
DA:1707,0
DA:1709,0
DA:1710,0
DA:1711,0
DA:1712,0
DA:1714,4
DA:1715,2
DA:1716,2
DA:1717,2
DA:1718,2
DA:1719,2
DA:1720,2
DA:1721,2
DA:1722,2
DA:1723,2
DA:1724,2
DA:1725,2
DA:1726,2
DA:1728,661
DA:1729,0
DA:1730,0
DA:1731,0
DA:1732,0
DA:1733,0
DA:1735,0
DA:1736,0
DA:1737,0
DA:1738,0
DA:1739,0
DA:1741,0
DA:1742,0
DA:1743,0
DA:1744,0
DA:1746,4
DA:1747,2
DA:1748,2
DA:1749,2
DA:1750,2
DA:1751,2
DA:1752,2
DA:1753,2
DA:1754,2
DA:1755,2
DA:1756,2
DA:1757,2
DA:1758,2
DA:1760,661
DA:1761,0
DA:1762,0
DA:1763,0
DA:1764,0
DA:1765,0
DA:1767,0
DA:1768,0
DA:1769,0
DA:1770,0
DA:1771,0
DA:1773,0
DA:1774,0
DA:1775,0
DA:1776,0
DA:1778,4
DA:1779,2
DA:1780,2
DA:1781,2
DA:1782,2
DA:1783,2
DA:1784,2
DA:1785,2
DA:1786,2
DA:1787,2
DA:1788,2
DA:1789,2
DA:1790,2
DA:1792,661
DA:1793,0
DA:1794,0
DA:1795,0
DA:1796,0
DA:1797,0
DA:1799,0
DA:1800,0
DA:1801,0
DA:1802,0
DA:1803,0
DA:1805,0
DA:1806,0
DA:1807,0
DA:1808,0
DA:1810,4
DA:1811,2
DA:1812,2
DA:1813,2
DA:1814,2
DA:1815,2
DA:1816,2
DA:1817,2
DA:1818,2
DA:1819,2
DA:1820,2
DA:1821,2
DA:1822,2
DA:1824,661
DA:1825,0
DA:1826,0
DA:1827,0
DA:1828,0
DA:1829,0
DA:1831,0
DA:1832,0
DA:1833,0
DA:1834,0
DA:1835,0
DA:1837,0
DA:1838,0
DA:1839,0
DA:1840,0
DA:1842,4
DA:1843,2
DA:1844,2
DA:1845,2
DA:1846,2
DA:1847,2
DA:1848,2
DA:1849,2
DA:1850,2
DA:1851,2
DA:1852,2
DA:1853,2
DA:1854,2
DA:1856,661
DA:1857,0
DA:1858,0
DA:1859,0
DA:1860,0
DA:1861,0
DA:1863,0
DA:1864,0
DA:1865,0
DA:1866,0
DA:1867,0
DA:1869,0
DA:1870,0
DA:1871,0
DA:1872,0
DA:1874,4
DA:1875,2
DA:1876,2
DA:1877,2
DA:1878,2
DA:1879,2
DA:1880,2
DA:1881,2
DA:1882,2
DA:1883,2
DA:1884,2
DA:1885,2
DA:1886,2
DA:1888,661
DA:1889,0
DA:1890,0
DA:1891,0
DA:1892,0
DA:1893,0
DA:1895,0
DA:1896,0
DA:1897,0
DA:1898,0
DA:1899,0
DA:1901,0
DA:1902,0
DA:1903,0
DA:1904,0
DA:1906,4
DA:1907,2
DA:1908,2
DA:1909,2
DA:1910,2
DA:1911,2
DA:1912,2
DA:1913,2
DA:1914,2
DA:1915,2
DA:1916,2
DA:1917,2
DA:1918,2
DA:1920,661
DA:1921,0
DA:1922,0
DA:1923,0
DA:1924,0
DA:1925,0
DA:1927,0
DA:1928,0
DA:1929,0
DA:1930,0
DA:1931,0
DA:1933,0
DA:1934,0
DA:1935,0
DA:1936,0
DA:1938,4
DA:1939,2
DA:1940,2
DA:1941,2
DA:1942,2
DA:1943,2
DA:1944,2
DA:1945,2
DA:1946,2
DA:1947,2
DA:1948,2
DA:1949,2
DA:1950,2
DA:1952,661
DA:1953,0
DA:1954,0
DA:1955,0
DA:1956,0
DA:1957,0
DA:1959,0
DA:1960,0
DA:1961,0
DA:1962,0
DA:1963,0
DA:1965,0
DA:1966,0
DA:1967,0
DA:1968,0
DA:1970,4
DA:1971,2
DA:1972,2
DA:1973,2
DA:1974,2
DA:1975,2
DA:1976,2
DA:1977,2
DA:1978,2
DA:1979,2
DA:1980,2
DA:1981,2
DA:1982,2
DA:1984,661
DA:1985,0
DA:1986,0
DA:1987,0
DA:1988,0
DA:1989,0
DA:1991,0
DA:1992,0
DA:1993,0
DA:1994,0
DA:1995,0
DA:1997,0
DA:1998,0
DA:1999,0
DA:2000,0
DA:2002,4
DA:2003,2
DA:2004,2
DA:2005,2
DA:2006,2
DA:2007,2
DA:2008,2
DA:2009,2
DA:2010,2
DA:2011,2
DA:2012,2
DA:2013,2
DA:2014,2
DA:2016,661
DA:2017,0
DA:2018,0
DA:2019,0
DA:2020,0
DA:2021,0
DA:2023,0
DA:2024,0
DA:2025,0
DA:2026,0
DA:2027,0
DA:2029,0
DA:2030,0
DA:2031,0
DA:2032,0
DA:2034,4
DA:2035,2
DA:2036,2
DA:2037,2
DA:2038,2
DA:2039,2
DA:2040,2
DA:2041,2
DA:2042,2
DA:2043,2
DA:2044,2
DA:2045,2
DA:2046,2
DA:2048,661
DA:2049,0
DA:2050,0
DA:2051,0
DA:2052,0
DA:2053,0
DA:2055,0
DA:2056,0
DA:2057,0
DA:2058,0
DA:2059,0
DA:2061,0
DA:2062,0
DA:2063,0
DA:2064,0
DA:2066,4
DA:2067,2
DA:2068,2
DA:2069,2
DA:2070,2
DA:2071,2
DA:2072,2
DA:2073,2
DA:2074,2
DA:2075,2
DA:2076,2
DA:2077,2
DA:2078,2
DA:2080,661
DA:2081,0
DA:2082,0
DA:2083,0
DA:2084,0
DA:2085,0
DA:2087,0
DA:2088,0
DA:2089,0
DA:2090,0
DA:2091,0
DA:2093,0
DA:2094,0
DA:2095,0
DA:2096,0
DA:2098,4
DA:2099,2
DA:2100,2
DA:2101,2
DA:2102,2
DA:2103,2
DA:2104,2
DA:2105,2
DA:2106,2
DA:2107,2
DA:2108,2
DA:2109,2
DA:2110,2
DA:2112,661
DA:2113,0
DA:2114,0
DA:2115,0
DA:2116,0
DA:2117,0
DA:2119,0
DA:2120,0
DA:2121,0
DA:2122,0
DA:2123,0
DA:2125,0
DA:2126,0
DA:2127,0
DA:2128,0
DA:2130,4
DA:2131,2
DA:2132,2
DA:2133,2
DA:2134,2
DA:2135,2
DA:2136,2
DA:2137,2
DA:2138,2
DA:2139,2
DA:2140,2
DA:2141,2
DA:2142,2
DA:2144,661
DA:2145,0
DA:2146,0
DA:2147,0
DA:2148,0
DA:2149,0
DA:2151,0
DA:2152,0
DA:2153,0
DA:2154,0
DA:2155,0
DA:2157,0
DA:2158,0
DA:2159,0
DA:2160,0
DA:2162,4
DA:2163,2
DA:2164,2
DA:2165,2
DA:2166,2
DA:2167,2
DA:2168,2
DA:2169,2
DA:2170,2
DA:2171,2
DA:2172,2
DA:2173,2
DA:2174,2
DA:2176,661
DA:2177,0
DA:2178,0
DA:2179,0
DA:2180,0
DA:2181,0
DA:2183,0
DA:2184,0
DA:2185,0
DA:2186,0
DA:2187,0
DA:2189,0
DA:2190,0
DA:2191,0
DA:2192,0
DA:2194,4
DA:2195,2
DA:2196,2
DA:2197,2
DA:2198,2
DA:2199,2
DA:2200,2
DA:2201,2
DA:2202,2
DA:2203,2
DA:2204,2
DA:2205,2
DA:2206,2
DA:2208,661
DA:2209,0
DA:2210,0
DA:2211,0
DA:2212,0
DA:2213,0
DA:2215,0
DA:2216,0
DA:2217,0
DA:2218,0
DA:2219,0
DA:2221,0
DA:2222,0
DA:2223,0
DA:2224,0
DA:2226,4
DA:2227,2
DA:2228,2
DA:2229,2
DA:2230,2
DA:2231,2
DA:2232,2
DA:2233,2
DA:2234,2
DA:2235,2
DA:2236,2
DA:2237,2
DA:2238,2
DA:2240,661
DA:2241,0
DA:2242,0
DA:2243,0
DA:2244,0
DA:2245,0
DA:2247,0
DA:2248,0
DA:2249,0
DA:2250,0
DA:2251,0
DA:2253,0
DA:2254,0
DA:2255,0
DA:2256,0
DA:2258,4
DA:2259,2
DA:2260,2
DA:2261,2
DA:2262,2
DA:2263,2
DA:2264,2
DA:2265,2
DA:2266,2
DA:2267,2
DA:2268,2
DA:2269,2
DA:2270,2
DA:2272,661
DA:2273,0
DA:2274,0
DA:2275,0
DA:2276,0
DA:2277,0
DA:2279,0
DA:2280,0
DA:2281,0
DA:2282,0
DA:2283,0
DA:2285,0
DA:2286,0
DA:2287,0
DA:2288,0
DA:2290,6
DA:2291,3
DA:2292,3
DA:2293,3
DA:2294,3
DA:2295,3
DA:2296,3
DA:2297,3
DA:2298,3
DA:2299,3
DA:2300,3
DA:2301,3
DA:2302,3
DA:2304,660
DA:2305,0
DA:2306,0
DA:2307,0
DA:2308,0
DA:2309,0
DA:2311,0
DA:2312,0
DA:2313,0
DA:2314,0
DA:2315,0
DA:2317,0
DA:2318,0
DA:2319,0
DA:2320,0
DA:2322,4
DA:2323,2
DA:2324,2
DA:2325,2
DA:2326,2
DA:2327,2
DA:2328,2
DA:2329,2
DA:2330,2
DA:2331,2
DA:2332,2
DA:2333,2
DA:2334,2
DA:2336,661
DA:2337,0
DA:2338,0
DA:2339,0
DA:2340,0
DA:2341,0
DA:2343,0
DA:2344,0
DA:2345,0
DA:2346,0
DA:2347,0
DA:2349,0
DA:2350,0
DA:2351,0
DA:2352,0
DA:2354,4
DA:2355,2
DA:2356,2
DA:2357,2
DA:2358,2
DA:2359,2
DA:2360,2
DA:2361,2
DA:2362,2
DA:2363,2
DA:2364,2
DA:2365,2
DA:2366,2
DA:2368,661
DA:2369,0
DA:2370,0
DA:2371,0
DA:2372,0
DA:2373,0
DA:2375,0
DA:2376,0
DA:2377,0
DA:2378,0
DA:2379,0
DA:2381,0
DA:2382,0
DA:2383,0
DA:2384,0
DA:2386,4
DA:2387,2
DA:2388,2
DA:2389,2
DA:2390,2
DA:2391,2
DA:2392,2
DA:2393,2
DA:2394,2
DA:2395,2
DA:2396,2
DA:2397,2
DA:2398,2
DA:2400,661
DA:2401,0
DA:2402,0
DA:2403,0
DA:2404,0
DA:2405,0
DA:2407,0
DA:2408,0
DA:2409,0
DA:2410,0
DA:2411,0
DA:2413,0
DA:2414,0
DA:2415,0
DA:2416,0
DA:2418,4
DA:2419,2
DA:2420,2
DA:2421,2
DA:2422,2
DA:2423,2
DA:2424,2
DA:2425,2
DA:2426,2
DA:2427,2
DA:2428,2
DA:2429,2
DA:2430,2
DA:2432,661
DA:2433,0
DA:2434,0
DA:2435,0
DA:2436,0
DA:2437,0
DA:2439,0
DA:2440,0
DA:2441,0
DA:2442,0
DA:2443,0
DA:2445,0
DA:2446,0
DA:2447,0
DA:2448,0
DA:2450,4
DA:2451,2
DA:2452,2
DA:2453,2
DA:2454,2
DA:2455,2
DA:2456,2
DA:2457,2
DA:2458,2
DA:2459,2
DA:2460,2
DA:2461,2
DA:2462,2
DA:2464,661
DA:2465,0
DA:2466,0
DA:2467,0
DA:2468,0
DA:2469,0
DA:2471,0
DA:2472,0
DA:2473,0
DA:2474,0
DA:2475,0
DA:2477,0
DA:2478,0
DA:2479,0
DA:2480,0
DA:2482,4
DA:2483,2
DA:2484,2
DA:2485,2
DA:2486,2
DA:2487,2
DA:2488,2
DA:2489,2
DA:2490,2
DA:2491,2
DA:2492,2
DA:2493,2
DA:2494,2
DA:2496,661
DA:2497,0
DA:2498,0
DA:2499,0
DA:2500,0
DA:2501,0
DA:2503,0
DA:2504,0
DA:2505,0
DA:2506,0
DA:2507,0
DA:2509,0
DA:2510,0
DA:2511,0
DA:2512,0
DA:2514,4
DA:2515,2
DA:2516,2
DA:2517,2
DA:2518,2
DA:2519,2
DA:2520,2
DA:2521,2
DA:2522,2
DA:2523,2
DA:2524,2
DA:2525,2
DA:2526,2
DA:2528,661
DA:2529,0
DA:2530,0
DA:2531,0
DA:2532,0
DA:2533,0
DA:2535,0
DA:2536,0
DA:2537,0
DA:2538,0
DA:2539,0
DA:2541,0
DA:2542,0
DA:2543,0
DA:2544,0
DA:2546,4
DA:2547,2
DA:2548,2
DA:2549,2
DA:2550,2
DA:2551,2
DA:2552,2
DA:2553,2
DA:2554,2
DA:2555,2
DA:2556,2
DA:2557,2
DA:2558,2
DA:2560,661
DA:2561,0
DA:2562,0
DA:2563,0
DA:2564,0
DA:2565,0
DA:2567,0
DA:2568,0
DA:2569,0
DA:2570,0
DA:2571,0
DA:2573,0
DA:2574,0
DA:2575,0
DA:2576,0
DA:2578,4
DA:2579,2
DA:2580,2
DA:2581,2
DA:2582,2
DA:2583,2
DA:2584,2
DA:2585,2
DA:2586,2
DA:2587,2
DA:2588,2
DA:2589,2
DA:2590,2
DA:2592,661
DA:2593,0
DA:2594,0
DA:2595,0
DA:2596,0
DA:2597,0
DA:2599,0
DA:2600,0
DA:2601,0
DA:2602,0
DA:2603,0
DA:2605,0
DA:2606,0
DA:2607,0
DA:2608,0
DA:2610,663
DA:2611,32
DA:2612,16
DA:2613,16
DA:2615,647
DA:2616,92
DA:2617,46
DA:2618,154
DA:2619,77
DA:2621,663
DA:2622,10
DA:2624,5
DA:2625,5
DA:2626,5
DA:2627,5
DA:2628,5
DA:2629,5
DA:2631,658
DA:2632,28
DA:2633,630
DA:2635,28
DA:2636,30
DA:2637,15
DA:2638,658
DA:2647,28
DA:3050,8
DA:3051,6
DA:3052,6
DA:3053,6
DA:3054,6
DA:3055,6
DA:3056,6
DA:3057,6
DA:3058,6
DA:3059,6
DA:3060,6
DA:3061,6
DA:3062,6
DA:3063,6
DA:3064,6
DA:3065,6
DA:3066,6
DA:3067,6
DA:3068,6
DA:3069,6
DA:3070,6
DA:3071,6
DA:3072,6
DA:3073,6
DA:3074,6
DA:3075,6
DA:3076,6
DA:3077,6
DA:3078,6
DA:3079,6
DA:3080,6
DA:3081,6
DA:3082,6
DA:3083,6
DA:3084,6
DA:3085,6
DA:3086,6
DA:3087,6
DA:3088,6
DA:3089,6
DA:3090,6
DA:3091,6
DA:3092,6
DA:3093,6
DA:3094,6
DA:3095,6
DA:3096,6
DA:3097,6
DA:3098,6
DA:3099,6
DA:3100,6
DA:3101,6
DA:3102,6
DA:3103,6
DA:3104,6
DA:3105,6
DA:3106,6
DA:3107,6
DA:3108,6
DA:3109,6
DA:3110,6
DA:3111,6
DA:3112,6
DA:3113,6
DA:3114,6
DA:3115,6
DA:3116,6
DA:3117,6
DA:3118,6
DA:3119,6
DA:3120,6
DA:3121,6
DA:3122,6
DA:3123,6
DA:3124,6
DA:3125,6
DA:3126,6
DA:3127,6
DA:3128,6
DA:3129,6
DA:3130,6
DA:3131,6
DA:3132,6
DA:3133,6
DA:3134,6
DA:3135,6
DA:3136,6
DA:3137,6
DA:3138,6
DA:3139,6
DA:3140,6
DA:3141,6
DA:3142,6
DA:3143,6
DA:3144,6
DA:3145,6
DA:3146,6
DA:3147,6
DA:3148,6
DA:3149,6
DA:3150,6
DA:3151,6
DA:3152,6
DA:3153,6
DA:3154,6
DA:3155,6
DA:3156,6
DA:3157,6
DA:3158,6
DA:3159,6
DA:3160,6
DA:3161,6
DA:3162,6
DA:3163,6
DA:3164,6
DA:3165,6
DA:3166,6
DA:3167,6
DA:3168,6
DA:3169,6
DA:3170,6
DA:3171,6
DA:3172,6
DA:3173,6
DA:3174,6
DA:3175,6
DA:3176,6
DA:3177,6
DA:3178,6
DA:3179,6
DA:3180,6
DA:3181,6
DA:3182,6
DA:3183,6
DA:3184,6
DA:3185,6
DA:3186,6
DA:3187,6
DA:3188,6
DA:3189,6
DA:3190,6
DA:3191,6
DA:3192,6
DA:3193,6
DA:3194,6
DA:3195,6
DA:3196,6
DA:3197,6
DA:3198,6
DA:3199,6
DA:3200,6
DA:3201,6
DA:3202,6
DA:3203,6
DA:3204,6
DA:3205,6
DA:3206,6
DA:3207,6
DA:3208,6
DA:3209,6
DA:3210,6
DA:3211,6
DA:3212,6
DA:3213,6
DA:3214,6
DA:3215,6
DA:3216,6
DA:3217,6
DA:3218,6
DA:3219,6
DA:3220,6
DA:3221,6
DA:3222,6
DA:3223,6
DA:3224,6
DA:3225,6
DA:3226,6
DA:3227,6
DA:3228,6
DA:3229,6
DA:3230,6
DA:3231,6
DA:3232,6
DA:3233,6
DA:3234,6
DA:3235,6
DA:3236,6
DA:3237,6
DA:3238,6
DA:3239,6
DA:3240,6
DA:3241,6
DA:3242,6
DA:3243,6
DA:3244,6
DA:3245,6
DA:3246,6
DA:3247,6
DA:3248,6
DA:3249,6
DA:3250,6
DA:3251,6
DA:3252,6
DA:3253,6
DA:3254,6
DA:3255,6
DA:3256,6
DA:3257,6
DA:3258,6
DA:3259,6
DA:3260,6
DA:3261,6
DA:3262,6
DA:3263,6
DA:3264,6
DA:3265,6
DA:3266,6
DA:3267,6
DA:3268,6
DA:3269,6
DA:3270,6
DA:3271,6
DA:3272,6
DA:3273,6
DA:3274,6
DA:3275,6
DA:3276,6
DA:3277,6
DA:3278,6
DA:3279,6
DA:3280,6
DA:3281,6
DA:3282,6
DA:3283,6
DA:3284,6
DA:3285,6
DA:3286,6
DA:3287,6
DA:3288,6
DA:3289,6
DA:3290,6
DA:3291,6
DA:3292,6
DA:3293,6
DA:3294,6
DA:3295,6
DA:3296,6
DA:3297,6
DA:3298,6
DA:3299,6
DA:3300,6
DA:3301,6
DA:3302,6
DA:3303,6
DA:3304,6
DA:3305,6
DA:3306,6
DA:3307,6
DA:3308,6
DA:3309,6
DA:3310,6
DA:3311,6
DA:3312,6
DA:3313,6
DA:3314,6
DA:3315,6
DA:3316,6
DA:3317,6
DA:3318,6
DA:3319,6
DA:3320,6
DA:3321,6
DA:3322,6
DA:3323,6
DA:3324,6
DA:3325,6
DA:3326,6
DA:3327,6
DA:3328,6
DA:3329,6
DA:3330,6
DA:3331,6
DA:3332,6
DA:3333,6
DA:3334,6
DA:3335,6
DA:3336,6
DA:3337,6
DA:3338,6
DA:3339,6
DA:3340,6
DA:3341,6
DA:3342,6
DA:3343,6
DA:3344,6
DA:3345,6
DA:3346,6
DA:3347,6
DA:3348,6
DA:3349,6
DA:3350,6
DA:3351,6
DA:3352,6
DA:3353,6
DA:3354,6
DA:3355,6
DA:3356,6
DA:3357,6
DA:3358,6
DA:3359,6
DA:3360,6
DA:3361,6
DA:3362,6
DA:3363,6
DA:3364,6
DA:3365,6
DA:3366,6
DA:3367,6
DA:3368,6
DA:3369,6
DA:3370,6
DA:3371,6
DA:3372,6
DA:3373,6
DA:3374,6
DA:3375,6
DA:3376,6
DA:3377,6
DA:3378,6
DA:3379,6
DA:3380,6
DA:3381,6
DA:3382,6
DA:3383,6
DA:3384,6
DA:3385,6
DA:3386,6
DA:3387,6
DA:3388,6
DA:3389,6
DA:3390,6
DA:3391,6
DA:3392,6
DA:3393,6
DA:3394,6
DA:3395,6
DA:3396,6
DA:3397,6
DA:3398,6
DA:3399,6
DA:3400,6
DA:3401,6
DA:3402,6
DA:3403,6
DA:3404,6
DA:3405,6
DA:3406,6
DA:3407,6
DA:3408,6
DA:3409,6
DA:3410,6
DA:3411,6
DA:3412,6
DA:3413,6
DA:3414,6
DA:3415,6
DA:3416,6
DA:3417,6
DA:3418,6
DA:3419,6
DA:3420,6
DA:3421,6
DA:3422,6
DA:3423,6
DA:3424,6
DA:3425,6
DA:3426,6
DA:3427,6
DA:3428,6
DA:3429,6
DA:3430,6
DA:3431,6
DA:3432,6
DA:3433,6
DA:3434,6
DA:3435,6
DA:3436,6
DA:3437,6
DA:3438,6
DA:3439,6
DA:3440,6
DA:3441,6
DA:3442,6
DA:3443,6
end_of_record
SF:/home/lolifish/Documents/programs/XiangShan_UVM/UnityChipForXiangShan/dut/WayLookup/WayLookup_top.sv
DA:3,1359
DA:4,28
DA:5,41
DA:6,103
DA:7,108
DA:8,172
DA:9,304
DA:10,82
DA:11,121
DA:12,546
DA:13,734
DA:14,36
DA:15,28
DA:16,28
DA:17,28
DA:18,23
DA:19,13
DA:20,579
DA:21,17
DA:22,17
DA:23,167
DA:24,151
DA:25,121
DA:26,58
DA:27,58
DA:28,533
DA:29,539
DA:30,34
DA:31,30
DA:32,28
DA:33,27
DA:34,13
DA:35,16
DA:36,800
DA:37,21
DA:38,24
DA:39,589
DA:40,114
DA:41,63
DA:42,14
DA:364,0
DA:366,0
DA:369,2732
DA:371,1366
DA:374,0
DA:376,0
DA:379,56
DA:381,28
DA:384,0
DA:386,0
DA:389,84
DA:391,42
DA:394,0
DA:396,0
DA:399,204
DA:401,102
DA:404,120
DA:406,60
DA:409,116
DA:411,58
DA:414,116
DA:416,58
DA:419,116
DA:421,58
DA:424,116
DA:426,58
DA:429,116
DA:431,58
DA:434,116
DA:436,58
DA:439,204
DA:441,102
DA:444,200
DA:446,100
DA:449,116
DA:451,58
DA:454,116
DA:456,58
DA:459,116
DA:461,58
DA:464,116
DA:466,58
DA:469,32
DA:471,16
DA:474,32
DA:476,16
DA:479,198
DA:481,99
DA:484,0
DA:486,0
DA:489,344
DA:491,172
DA:494,0
DA:496,0
DA:499,50
DA:501,25
DA:504,0
DA:506,0
DA:509,36
DA:511,18
DA:514,0
DA:516,0
DA:519,42
DA:521,21
DA:524,0
DA:526,0
DA:529,36
DA:531,18
DA:534,0
DA:536,0
DA:539,42
DA:541,21
DA:544,0
DA:546,0
DA:549,36
DA:551,18
DA:554,0
DA:556,0
DA:559,38
DA:561,19
DA:564,0
DA:566,0
DA:569,28
DA:571,14
DA:574,0
DA:576,0
DA:579,28
DA:581,14
DA:584,0
DA:586,0
DA:589,28
DA:591,14
DA:594,0
DA:596,0
DA:599,28
DA:601,14
DA:604,0
DA:606,0
DA:609,28
DA:611,14
DA:614,0
DA:616,0
DA:619,40
DA:621,20
DA:624,0
DA:626,0
DA:629,40
DA:631,20
DA:634,0
DA:636,0
DA:639,40
DA:641,20
DA:644,0
DA:646,0
DA:649,32
DA:651,16
DA:654,0
DA:656,0
DA:659,34
DA:661,17
DA:664,0
DA:666,0
DA:669,34
DA:671,17
DA:674,0
DA:676,0
DA:679,28
DA:681,14
DA:684,1682
DA:686,841
DA:689,2336
DA:691,1168
DA:694,1682
DA:696,841
DA:699,2398
DA:701,1199
DA:704,2736
DA:706,1368
DA:709,412
DA:711,206
DA:714,56
DA:716,28
DA:719,28
DA:721,14
DA:724,28
DA:726,14
DA:729,28
DA:731,14
DA:734,28
DA:736,14
DA:739,28
DA:741,14
DA:744,28
DA:746,14
DA:749,28
DA:751,14
DA:754,28
DA:756,14
DA:759,28
DA:761,14
DA:764,28
DA:766,14
DA:769,4126
DA:771,2063
DA:774,4114
DA:776,2057
DA:779,4114
DA:781,2057
DA:784,4114
DA:786,2057
DA:789,4114
DA:791,2057
DA:794,4114
DA:796,2057
DA:799,4114
DA:801,2057
DA:804,4114
DA:806,2057
DA:809,4114
DA:811,2057
DA:814,4114
DA:816,2057
DA:819,4114
DA:821,2057
DA:824,4114
DA:826,2057
DA:829,4114
DA:831,2057
DA:834,4114
DA:836,2057
DA:839,4114
DA:841,2057
DA:844,4114
DA:846,2057
DA:849,4114
DA:851,2057
DA:854,4114
DA:856,2057
DA:859,4114
DA:861,2057
DA:864,4114
DA:866,2057
DA:869,4114
DA:871,2057
DA:874,4114
DA:876,2057
DA:879,4114
DA:881,2057
DA:884,4114
DA:886,2057
DA:889,4114
DA:891,2057
DA:894,4114
DA:896,2057
DA:899,4114
DA:901,2057
DA:904,4114
DA:906,2057
DA:909,4114
DA:911,2057
DA:914,4114
DA:916,2057
DA:919,4114
DA:921,2057
DA:924,4114
DA:926,2057
DA:929,4114
DA:931,2057
DA:934,4114
DA:936,2057
DA:939,4114
DA:941,2057
DA:944,4114
DA:946,2057
DA:949,4114
DA:951,2057
DA:954,4114
DA:956,2057
DA:959,4114
DA:961,2057
DA:964,4114
DA:966,2057
DA:969,4114
DA:971,2057
DA:974,4114
DA:976,2057
DA:979,4114
DA:981,2057
DA:984,4114
DA:986,2057
DA:989,4114
DA:991,2057
DA:994,4114
DA:996,2057
DA:999,4114
DA:1001,2057
DA:1004,4114
DA:1006,2057
DA:1009,4114
DA:1011,2057
DA:1014,4114
DA:1016,2057
DA:1019,4114
DA:1021,2057
DA:1024,4114
DA:1026,2057
DA:1029,4114
DA:1031,2057
DA:1034,4114
DA:1036,2057
DA:1039,4114
DA:1041,2057
DA:1044,4114
DA:1046,2057
DA:1049,4114
DA:1051,2057
DA:1054,4114
DA:1056,2057
DA:1059,4114
DA:1061,2057
DA:1064,4114
DA:1066,2057
DA:1069,4114
DA:1071,2057
DA:1074,4114
DA:1076,2057
DA:1079,4114
DA:1081,2057
DA:1084,4114
DA:1086,2057
DA:1089,34
DA:1091,17
DA:1094,32
DA:1096,16
DA:1099,32
DA:1101,16
DA:1104,32
DA:1106,16
DA:1109,32
DA:1111,16
DA:1114,32
DA:1116,16
DA:1119,32
DA:1121,16
DA:1124,32
DA:1126,16
DA:1129,32
DA:1131,16
DA:1134,32
DA:1136,16
DA:1139,32
DA:1141,16
DA:1144,32
DA:1146,16
DA:1149,32
DA:1151,16
DA:1154,32
DA:1156,16
DA:1159,32
DA:1161,16
DA:1164,32
DA:1166,16
DA:1169,32
DA:1171,16
DA:1174,32
DA:1176,16
DA:1179,32
DA:1181,16
DA:1184,32
DA:1186,16
DA:1189,32
DA:1191,16
DA:1194,32
DA:1196,16
DA:1199,32
DA:1201,16
DA:1204,32
DA:1206,16
DA:1209,32
DA:1211,16
DA:1214,32
DA:1216,16
DA:1219,32
DA:1221,16
DA:1224,32
DA:1226,16
DA:1229,32
DA:1231,16
DA:1234,32
DA:1236,16
DA:1239,32
DA:1241,16
DA:1244,32
DA:1246,16
DA:1249,32
DA:1251,16
DA:1254,32
DA:1256,16
DA:1259,32
DA:1261,16
DA:1264,32
DA:1266,16
DA:1269,32
DA:1271,16
DA:1274,32
DA:1276,16
DA:1279,32
DA:1281,16
DA:1284,32
DA:1286,16
DA:1289,32
DA:1291,16
DA:1294,32
DA:1296,16
DA:1299,32
DA:1301,16
DA:1304,32
DA:1306,16
DA:1309,32
DA:1311,16
DA:1314,32
DA:1316,16
DA:1319,32
DA:1321,16
DA:1324,32
DA:1326,16
DA:1329,32
DA:1331,16
DA:1334,32
DA:1336,16
DA:1339,32
DA:1341,16
DA:1344,32
DA:1346,16
DA:1349,32
DA:1351,16
DA:1354,32
DA:1356,16
DA:1359,32
DA:1361,16
DA:1364,32
DA:1366,16
DA:1369,32
DA:1371,16
DA:1374,32
DA:1376,16
DA:1379,32
DA:1381,16
DA:1384,32
DA:1386,16
DA:1389,32
DA:1391,16
DA:1394,32
DA:1396,16
DA:1399,32
DA:1401,16
DA:1404,32
DA:1406,16
DA:1409,32
DA:1411,16
DA:1414,30
DA:1416,15
DA:1419,30
DA:1421,15
DA:1424,30
DA:1426,15
DA:1429,30
DA:1431,15
DA:1434,30
DA:1436,15
DA:1439,30
DA:1441,15
DA:1444,30
DA:1446,15
DA:1449,30
DA:1451,15
DA:1454,30
DA:1456,15
DA:1459,30
DA:1461,15
DA:1464,30
DA:1466,15
DA:1469,30
DA:1471,15
DA:1474,30
DA:1476,15
DA:1479,30
DA:1481,15
DA:1484,30
DA:1486,15
DA:1489,30
DA:1491,15
DA:1494,30
DA:1496,15
DA:1499,30
DA:1501,15
DA:1504,30
DA:1506,15
DA:1509,30
DA:1511,15
DA:1514,30
DA:1516,15
DA:1519,30
DA:1521,15
DA:1524,30
DA:1526,15
DA:1529,30
DA:1531,15
DA:1534,30
DA:1536,15
DA:1539,30
DA:1541,15
DA:1544,30
DA:1546,15
DA:1549,30
DA:1551,15
DA:1554,30
DA:1556,15
DA:1559,30
DA:1561,15
DA:1564,30
DA:1566,15
DA:1569,30
DA:1571,15
DA:1574,30
DA:1576,15
DA:1579,30
DA:1581,15
DA:1584,30
DA:1586,15
DA:1589,30
DA:1591,15
DA:1594,30
DA:1596,15
DA:1599,30
DA:1601,15
DA:1604,30
DA:1606,15
DA:1609,30
DA:1611,15
DA:1614,30
DA:1616,15
DA:1619,30
DA:1621,15
DA:1624,30
DA:1626,15
DA:1629,30
DA:1631,15
DA:1634,30
DA:1636,15
DA:1639,30
DA:1641,15
DA:1644,30
DA:1646,15
DA:1649,30
DA:1651,15
DA:1654,30
DA:1656,15
DA:1659,30
DA:1661,15
DA:1664,30
DA:1666,15
DA:1669,30
DA:1671,15
DA:1674,30
DA:1676,15
DA:1679,30
DA:1681,15
DA:1684,30
DA:1686,15
DA:1689,30
DA:1691,15
DA:1694,30
DA:1696,15
DA:1699,30
DA:1701,15
DA:1704,30
DA:1706,15
DA:1709,30
DA:1711,15
DA:1714,30
DA:1716,15
DA:1719,30
DA:1721,15
DA:1724,30
DA:1726,15
DA:1731,28
DA:1732,14
DA:1733,14
DA:1737,0
DA:1738,0
end_of_record
