TN:verilator_coverage
SF:/home/lolifish/Documents/programs/XiangShan_UVM/UnityChipForXiangShan/dut/WayLookup/WayLookup.v
DA:88,8815650
DA:89,172
DA:90,799
DA:91,779411
DA:92,130755
DA:93,1737241
DA:94,1737770
DA:95,872017
DA:96,870922
DA:97,7820002
DA:98,7818812
DA:99,225520
DA:100,226362
DA:101,434208
DA:102,434798
DA:103,217390
DA:104,217694
DA:105,705624
DA:106,71585
DA:107,28940
DA:108,861881
DA:109,1722311
DA:110,1723465
DA:111,862760
DA:112,860408
DA:113,7758510
DA:114,7755525
DA:115,223602
DA:116,224173
DA:117,431098
DA:118,431522
DA:119,215219
DA:120,215598
DA:121,2151826
DA:122,215088
DA:123,400372
DA:124,3471007
DA:125,786086
DA:126,398019
DA:127,100147
DA:130,47794
DA:131,47969
DA:132,26455
DA:133,26334
DA:134,214812
DA:135,214723
DA:136,6192
DA:137,6175
DA:138,12052
DA:139,11907
DA:140,6308
DA:141,6346
DA:142,47548
DA:143,47735
DA:144,26334
DA:145,26341
DA:146,214896
DA:147,214800
DA:148,6218
DA:149,6226
DA:150,11932
DA:151,12000
DA:152,6248
DA:153,6234
DA:154,47534
DA:155,47581
DA:156,26337
DA:157,26078
DA:158,214620
DA:159,214629
DA:160,6175
DA:161,6131
DA:162,11949
DA:163,11960
DA:164,6310
DA:165,6272
DA:166,47692
DA:167,47574
DA:168,26186
DA:169,26299
DA:170,214168
DA:171,214026
DA:172,6141
DA:173,6260
DA:174,11831
DA:175,11940
DA:176,6237
DA:177,6239
DA:178,47434
DA:179,47531
DA:180,26099
DA:181,26380
DA:182,214228
DA:183,213934
DA:184,6248
DA:185,6196
DA:186,11863
DA:187,11899
DA:188,6276
DA:189,6176
DA:190,47559
DA:191,47247
DA:192,26332
DA:193,26357
DA:194,213602
DA:195,214088
DA:196,6164
DA:197,6102
DA:198,11838
DA:199,11903
DA:200,6283
DA:201,6312
DA:202,47431
DA:203,47625
DA:204,26276
DA:205,26477
DA:206,213326
DA:207,213582
DA:208,6075
DA:209,6071
DA:210,11754
DA:211,11848
DA:212,6253
DA:213,6235
DA:214,47141
DA:215,47461
DA:216,26044
DA:217,26266
DA:218,213092
DA:219,213090
DA:220,6155
DA:221,6250
DA:222,11698
DA:223,11727
DA:224,6251
DA:225,6316
DA:226,47225
DA:227,47200
DA:228,26258
DA:229,26123
DA:230,212096
DA:231,212727
DA:232,6122
DA:233,6157
DA:234,11883
DA:235,11963
DA:236,6066
DA:237,6281
DA:238,47200
DA:239,47301
DA:240,26000
DA:241,26140
DA:242,212656
DA:243,212628
DA:244,6132
DA:245,6077
DA:246,11896
DA:247,11754
DA:248,6267
DA:249,6233
DA:250,47337
DA:251,47207
DA:252,26282
DA:253,25850
DA:254,211328
DA:255,212689
DA:256,6082
DA:257,6088
DA:258,11851
DA:259,11757
DA:260,6144
DA:261,6243
DA:262,46815
DA:263,47068
DA:264,26004
DA:265,26187
DA:266,211937
DA:267,211538
DA:268,6112
DA:269,6060
DA:270,11644
DA:271,11715
DA:272,6203
DA:273,6181
DA:274,47022
DA:275,47054
DA:276,26051
DA:277,26135
DA:278,211286
DA:279,211484
DA:280,6208
DA:281,6053
DA:282,11682
DA:283,11895
DA:284,6288
DA:285,6146
DA:286,46772
DA:287,46763
DA:288,26032
DA:289,25742
DA:290,211549
DA:291,211217
DA:292,6106
DA:293,5942
DA:294,11741
DA:295,11660
DA:296,6193
DA:297,6075
DA:298,46798
DA:299,47175
DA:300,25995
DA:301,26020
DA:302,210705
DA:303,210690
DA:304,6085
DA:305,6157
DA:306,11638
DA:307,11782
DA:308,6191
DA:309,6136
DA:310,46836
DA:311,46810
DA:312,26045
DA:313,26187
DA:314,211098
DA:315,210468
DA:316,6037
DA:317,6103
DA:318,11621
DA:319,11619
DA:320,6147
DA:321,6268
DA:322,46733
DA:323,47022
DA:324,25820
DA:325,26175
DA:326,210351
DA:327,209549
DA:328,6058
DA:329,6046
DA:330,11657
DA:331,11967
DA:332,6083
DA:333,6106
DA:334,46687
DA:335,47017
DA:336,25864
DA:337,25888
DA:338,210571
DA:339,210139
DA:340,6079
DA:341,6041
DA:342,11634
DA:343,11651
DA:344,6193
DA:345,6148
DA:346,46614
DA:347,46574
DA:348,25986
DA:349,25591
DA:350,210428
DA:351,209934
DA:352,6002
DA:353,6101
DA:354,11669
DA:355,11586
DA:356,6072
DA:357,6052
DA:358,46438
DA:359,46438
DA:360,25978
DA:361,25977
DA:362,210409
DA:363,210184
DA:364,6024
DA:365,6025
DA:366,11695
DA:367,11702
DA:368,6057
DA:369,6149
DA:370,46481
DA:371,46639
DA:372,25921
DA:373,25850
DA:374,209678
DA:375,209619
DA:376,6095
DA:377,6130
DA:378,11557
DA:379,11584
DA:380,6179
DA:381,6042
DA:382,46266
DA:383,46400
DA:384,25816
DA:385,26075
DA:386,209161
DA:387,209082
DA:388,5966
DA:389,6018
DA:390,11692
DA:391,11657
DA:392,6037
DA:393,6101
DA:394,46438
DA:395,46556
DA:396,25940
DA:397,26013
DA:398,209291
DA:399,208601
DA:400,6058
DA:401,6003
DA:402,11583
DA:403,11627
DA:404,6072
DA:405,6061
DA:406,46227
DA:407,46615
DA:408,25839
DA:409,25799
DA:410,208409
DA:411,208936
DA:412,6027
DA:413,6101
DA:414,11637
DA:415,11740
DA:416,6052
DA:417,6103
DA:418,46447
DA:419,46353
DA:420,25714
DA:421,25676
DA:422,209113
DA:423,208906
DA:424,6073
DA:425,6024
DA:426,11505
DA:427,11581
DA:428,6122
DA:429,5995
DA:430,46243
DA:431,46362
DA:432,25793
DA:433,25737
DA:434,208440
DA:435,207904
DA:436,6031
DA:437,5977
DA:438,11557
DA:439,11595
DA:440,6056
DA:441,6053
DA:442,45941
DA:443,46054
DA:444,25916
DA:445,25734
DA:446,208063
DA:447,207776
DA:448,6089
DA:449,5997
DA:450,11649
DA:451,11414
DA:452,6135
DA:453,6123
DA:454,45998
DA:455,45933
DA:456,25788
DA:457,25648
DA:458,207452
DA:459,207565
DA:460,6098
DA:461,5911
DA:462,11569
DA:463,11427
DA:464,5981
DA:465,6104
DA:466,45976
DA:467,46209
DA:468,25842
DA:469,25545
DA:470,207305
DA:471,207294
DA:472,6070
DA:473,6064
DA:474,11616
DA:475,11424
DA:476,6084
DA:477,5991
DA:478,45997
DA:479,46148
DA:480,25584
DA:481,25846
DA:482,206935
DA:483,206907
DA:484,5956
DA:485,5879
DA:486,11650
DA:487,11460
DA:488,6046
DA:489,6072
DA:490,46063
DA:491,45928
DA:492,25753
DA:493,25838
DA:494,207447
DA:495,206973
DA:496,6081
DA:497,6001
DA:498,11490
DA:499,11398
DA:500,6132
DA:501,6061
DA:502,46078
DA:503,46217
DA:504,25503
DA:505,25362
DA:506,206601
DA:507,206610
DA:508,5953
DA:509,5958
DA:510,11500
DA:511,11412
DA:512,6131
DA:513,6016
DA:514,11552
DA:515,714596
DA:516,11641
DA:517,720952
DA:519,88127
DA:520,14161
DA:521,39668
DA:522,3889
DA:523,3690
DA:524,19048
DA:525,14029
DA:527,130754
DA:528,130755
DA:926,28940
DA:929,3205
DA:932,3245
DA:935,3270
DA:938,3158
DA:941,3262
DA:944,3188
DA:947,3211
DA:950,3174
DA:953,3163
DA:956,3287
DA:959,3338
DA:962,3292
DA:965,3272
DA:968,3370
DA:971,3334
DA:974,3362
DA:977,3293
DA:980,3259
DA:983,3467
DA:986,3477
DA:989,3444
DA:992,3380
DA:995,3277
DA:998,3372
DA:1001,3454
DA:1004,3408
DA:1007,3466
DA:1010,3348
DA:1013,3380
DA:1016,3397
DA:1019,3545
DA:1022,3621
DA:1025,3422
DA:1028,3671
DA:1031,3443
DA:1034,3606
DA:1037,3572
DA:1040,3482
DA:1043,3602
DA:1046,3617
DA:1049,3544
DA:1052,3589
DA:1055,3540
DA:1058,3679
DA:1061,3655
DA:1064,3685
DA:1067,3521
DA:1070,3602
DA:1073,3642
DA:1076,3635
DA:1079,3625
DA:1082,3546
DA:1085,3791
DA:1088,3642
DA:1091,3551
DA:1094,3621
DA:1097,3639
DA:1100,3665
DA:1103,3486
DA:1106,3638
DA:1109,3668
DA:1112,3641
DA:1115,3556
DA:1118,3534
DA:1125,2441
DA:1126,2368
DA:1127,2393
DA:1128,2403
DA:1129,2443
DA:1130,2384
DA:1131,2544
DA:1132,2510
DA:1133,2503
DA:1134,2451
DA:1135,2627
DA:1136,2514
DA:1137,2519
DA:1138,2672
DA:1139,2542
DA:1140,2614
DA:1141,2587
DA:1142,2546
DA:1143,2524
DA:1144,2625
DA:1145,2677
DA:1146,2622
DA:1147,2530
DA:1148,2503
DA:1149,2606
DA:1150,2640
DA:1151,2567
DA:1152,2545
DA:1153,2676
DA:1154,2580
DA:1155,2763
DA:1156,2669
DA:1157,2714
DA:1158,2852
DA:1159,2638
DA:1160,2661
DA:1161,2684
DA:1162,2513
DA:1163,2619
DA:1164,2746
DA:1165,2753
DA:1166,2691
DA:1167,2660
DA:1168,2706
DA:1169,2733
DA:1170,2733
DA:1171,2513
DA:1172,2700
DA:1173,2737
DA:1174,2709
DA:1175,2687
DA:1176,2696
DA:1177,2873
DA:1178,2707
DA:1179,2695
DA:1180,2766
DA:1181,2865
DA:1182,2716
DA:1183,2709
DA:1184,2747
DA:1185,2739
DA:1186,2716
DA:1187,2702
DA:1188,2791
DA:1189,8815822
DA:1190,344
DA:1191,172
DA:1192,172
DA:1193,172
DA:1194,172
DA:1195,172
DA:1196,172
DA:1197,172
DA:1198,172
DA:1199,172
DA:1200,172
DA:1201,172
DA:1202,172
DA:1203,172
DA:1204,172
DA:1205,172
DA:1206,172
DA:1207,172
DA:1208,172
DA:1209,172
DA:1210,172
DA:1211,172
DA:1212,172
DA:1213,172
DA:1214,172
DA:1215,172
DA:1216,172
DA:1217,172
DA:1218,172
DA:1219,172
DA:1220,172
DA:1221,172
DA:1222,172
DA:1223,172
DA:1224,172
DA:1225,172
DA:1226,172
DA:1227,172
DA:1228,172
DA:1229,172
DA:1230,172
DA:1231,172
DA:1232,172
DA:1233,172
DA:1234,172
DA:1235,172
DA:1236,172
DA:1237,172
DA:1238,172
DA:1239,172
DA:1240,172
DA:1241,172
DA:1242,172
DA:1243,172
DA:1244,172
DA:1245,172
DA:1246,172
DA:1247,172
DA:1248,172
DA:1249,172
DA:1250,172
DA:1251,172
DA:1252,172
DA:1253,172
DA:1254,172
DA:1255,172
DA:1256,172
DA:1257,172
DA:1258,172
DA:1259,172
DA:1260,172
DA:1261,172
DA:1262,172
DA:1263,172
DA:1264,172
DA:1265,172
DA:1266,172
DA:1267,172
DA:1268,172
DA:1269,172
DA:1270,172
DA:1271,172
DA:1272,172
DA:1273,172
DA:1274,172
DA:1275,172
DA:1276,172
DA:1277,172
DA:1278,172
DA:1279,172
DA:1280,172
DA:1281,172
DA:1282,172
DA:1283,172
DA:1284,172
DA:1285,172
DA:1286,172
DA:1287,172
DA:1288,172
DA:1289,172
DA:1290,172
DA:1291,172
DA:1292,172
DA:1293,172
DA:1294,172
DA:1295,172
DA:1296,172
DA:1297,172
DA:1298,172
DA:1299,172
DA:1300,172
DA:1301,172
DA:1302,172
DA:1303,172
DA:1304,172
DA:1305,172
DA:1306,172
DA:1307,172
DA:1308,172
DA:1309,172
DA:1310,172
DA:1311,172
DA:1312,172
DA:1313,172
DA:1314,172
DA:1315,172
DA:1316,172
DA:1317,172
DA:1318,172
DA:1319,172
DA:1320,172
DA:1321,172
DA:1322,172
DA:1323,172
DA:1324,172
DA:1325,172
DA:1326,172
DA:1327,172
DA:1328,172
DA:1329,172
DA:1330,172
DA:1331,172
DA:1332,172
DA:1333,172
DA:1334,172
DA:1335,172
DA:1336,172
DA:1337,172
DA:1338,172
DA:1339,172
DA:1340,172
DA:1341,172
DA:1342,172
DA:1343,172
DA:1344,172
DA:1345,172
DA:1346,172
DA:1347,172
DA:1348,172
DA:1349,172
DA:1350,172
DA:1351,172
DA:1352,172
DA:1353,172
DA:1354,172
DA:1355,172
DA:1356,172
DA:1357,172
DA:1358,172
DA:1359,172
DA:1360,172
DA:1361,172
DA:1362,172
DA:1363,172
DA:1364,172
DA:1365,172
DA:1366,172
DA:1367,172
DA:1368,172
DA:1369,172
DA:1370,172
DA:1371,172
DA:1372,172
DA:1373,172
DA:1374,172
DA:1375,172
DA:1376,172
DA:1377,172
DA:1378,172
DA:1379,172
DA:1380,172
DA:1381,172
DA:1382,172
DA:1383,172
DA:1384,172
DA:1385,172
DA:1386,172
DA:1387,172
DA:1388,172
DA:1389,172
DA:1390,172
DA:1391,172
DA:1392,172
DA:1393,172
DA:1394,172
DA:1395,172
DA:1396,172
DA:1397,172
DA:1398,172
DA:1399,172
DA:1400,172
DA:1401,172
DA:1402,172
DA:1403,172
DA:1404,172
DA:1405,172
DA:1406,172
DA:1407,172
DA:1408,172
DA:1409,172
DA:1410,172
DA:1411,172
DA:1412,172
DA:1413,172
DA:1414,172
DA:1415,172
DA:1416,172
DA:1417,172
DA:1418,172
DA:1419,172
DA:1420,172
DA:1421,172
DA:1422,172
DA:1423,172
DA:1424,172
DA:1425,172
DA:1426,172
DA:1427,172
DA:1428,172
DA:1429,172
DA:1430,172
DA:1431,172
DA:1432,172
DA:1433,172
DA:1434,172
DA:1435,172
DA:1436,172
DA:1437,172
DA:1438,172
DA:1439,172
DA:1440,172
DA:1441,172
DA:1442,172
DA:1443,172
DA:1444,172
DA:1445,172
DA:1446,172
DA:1447,172
DA:1448,172
DA:1449,172
DA:1450,172
DA:1451,172
DA:1452,172
DA:1453,172
DA:1454,172
DA:1455,172
DA:1456,172
DA:1457,172
DA:1458,172
DA:1459,172
DA:1460,172
DA:1461,172
DA:1462,172
DA:1463,172
DA:1464,172
DA:1465,172
DA:1466,172
DA:1467,172
DA:1468,172
DA:1469,172
DA:1470,172
DA:1471,172
DA:1472,172
DA:1473,172
DA:1474,172
DA:1475,172
DA:1476,172
DA:1477,172
DA:1478,172
DA:1479,172
DA:1480,172
DA:1481,172
DA:1482,172
DA:1483,172
DA:1484,172
DA:1485,172
DA:1486,172
DA:1487,172
DA:1488,172
DA:1489,172
DA:1490,172
DA:1491,172
DA:1492,172
DA:1493,172
DA:1494,172
DA:1495,172
DA:1496,172
DA:1497,172
DA:1498,172
DA:1499,172
DA:1500,172
DA:1501,172
DA:1502,172
DA:1503,172
DA:1504,172
DA:1505,172
DA:1506,172
DA:1507,172
DA:1508,172
DA:1509,172
DA:1510,172
DA:1511,172
DA:1512,172
DA:1513,172
DA:1514,172
DA:1515,172
DA:1516,172
DA:1517,172
DA:1518,172
DA:1519,172
DA:1520,172
DA:1521,172
DA:1522,172
DA:1523,172
DA:1524,172
DA:1525,172
DA:1526,172
DA:1527,172
DA:1528,172
DA:1529,172
DA:1530,172
DA:1531,172
DA:1532,172
DA:1533,172
DA:1534,172
DA:1535,172
DA:1536,172
DA:1537,172
DA:1538,172
DA:1539,172
DA:1540,172
DA:1541,172
DA:1542,172
DA:1543,172
DA:1544,172
DA:1545,172
DA:1546,172
DA:1547,172
DA:1548,172
DA:1549,172
DA:1550,172
DA:1551,172
DA:1552,172
DA:1553,172
DA:1554,172
DA:1555,172
DA:1556,172
DA:1557,172
DA:1558,172
DA:1559,172
DA:1560,172
DA:1561,172
DA:1562,172
DA:1563,172
DA:1564,172
DA:1565,172
DA:1566,172
DA:1567,172
DA:1568,172
DA:1569,172
DA:1570,172
DA:1571,172
DA:1572,172
DA:1573,172
DA:1574,172
DA:1575,172
DA:1576,172
DA:1577,172
DA:1578,172
DA:1579,172
DA:1580,172
DA:1581,172
DA:1582,172
DA:1583,172
DA:1585,4407739
DA:1586,23732
DA:1587,11866
DA:1588,11866
DA:1589,11866
DA:1590,11866
DA:1591,11866
DA:1592,11866
DA:1593,11866
DA:1594,11866
DA:1595,11866
DA:1596,11866
DA:1597,11866
DA:1598,11866
DA:1600,4395873
DA:1601,3204
DA:1602,1282
DA:1603,641
DA:1604,344
DA:1605,617
DA:1607,3244
DA:1608,1206
DA:1609,603
DA:1610,389
DA:1611,630
DA:1613,1282
DA:1614,641
DA:1615,1206
DA:1616,603
DA:1618,23692
DA:1619,11846
DA:1620,11846
DA:1621,11846
DA:1622,11846
DA:1623,11846
DA:1624,11846
DA:1625,11846
DA:1626,11846
DA:1627,11846
DA:1628,11846
DA:1629,11846
DA:1630,11846
DA:1632,4395893
DA:1633,3270
DA:1634,1270
DA:1635,635
DA:1636,364
DA:1637,636
DA:1639,3158
DA:1640,1210
DA:1641,605
DA:1642,334
DA:1643,640
DA:1645,1270
DA:1646,635
DA:1647,1210
DA:1648,605
DA:1650,23664
DA:1651,11832
DA:1652,11832
DA:1653,11832
DA:1654,11832
DA:1655,11832
DA:1656,11832
DA:1657,11832
DA:1658,11832
DA:1659,11832
DA:1660,11832
DA:1661,11832
DA:1662,11832
DA:1664,4395907
DA:1665,3262
DA:1666,1264
DA:1667,632
DA:1668,391
DA:1669,608
DA:1671,3188
DA:1672,1174
DA:1673,587
DA:1674,358
DA:1675,649
DA:1677,1264
DA:1678,632
DA:1679,1174
DA:1680,587
DA:1682,23624
DA:1683,11812
DA:1684,11812
DA:1685,11812
DA:1686,11812
DA:1687,11812
DA:1688,11812
DA:1689,11812
DA:1690,11812
DA:1691,11812
DA:1692,11812
DA:1693,11812
DA:1694,11812
DA:1696,4395927
DA:1697,3210
DA:1698,1262
DA:1699,631
DA:1700,343
DA:1701,631
DA:1703,3174
DA:1704,1322
DA:1705,661
DA:1706,338
DA:1707,588
DA:1709,1262
DA:1710,631
DA:1711,1322
DA:1712,661
DA:1714,23590
DA:1715,11795
DA:1716,11795
DA:1717,11795
DA:1718,11795
DA:1719,11795
DA:1720,11795
DA:1721,11795
DA:1722,11795
DA:1723,11795
DA:1724,11795
DA:1725,11795
DA:1726,11795
DA:1728,4395944
DA:1729,3162
DA:1730,1236
DA:1731,618
DA:1732,339
DA:1733,624
DA:1735,3286
DA:1736,1250
DA:1737,625
DA:1738,350
DA:1739,668
DA:1741,1236
DA:1742,618
DA:1743,1250
DA:1744,625
DA:1746,23558
DA:1747,11779
DA:1748,11779
DA:1749,11779
DA:1750,11779
DA:1751,11779
DA:1752,11779
DA:1753,11779
DA:1754,11779
DA:1755,11779
DA:1756,11779
DA:1757,11779
DA:1758,11779
DA:1760,4395960
DA:1761,3338
DA:1762,1332
DA:1763,666
DA:1764,384
DA:1765,619
DA:1767,3292
DA:1768,1322
DA:1769,661
DA:1770,336
DA:1771,649
DA:1773,1332
DA:1774,666
DA:1775,1322
DA:1776,661
DA:1778,23536
DA:1779,11768
DA:1780,11768
DA:1781,11768
DA:1782,11768
DA:1783,11768
DA:1784,11768
DA:1785,11768
DA:1786,11768
DA:1787,11768
DA:1788,11768
DA:1789,11768
DA:1790,11768
DA:1792,4395971
DA:1793,3272
DA:1794,1252
DA:1795,626
DA:1796,358
DA:1797,652
DA:1799,3370
DA:1800,1388
DA:1801,694
DA:1802,347
DA:1803,644
DA:1805,1252
DA:1806,626
DA:1807,1388
DA:1808,694
DA:1810,23488
DA:1811,11744
DA:1812,11744
DA:1813,11744
DA:1814,11744
DA:1815,11744
DA:1816,11744
DA:1817,11744
DA:1818,11744
DA:1819,11744
DA:1820,11744
DA:1821,11744
DA:1822,11744
DA:1824,4395995
DA:1825,3334
DA:1826,1210
DA:1827,605
DA:1828,435
DA:1829,627
DA:1831,3362
DA:1832,1314
DA:1833,657
DA:1834,351
DA:1835,673
DA:1837,1210
DA:1838,605
DA:1839,1314
DA:1840,657
DA:1842,23454
DA:1843,11727
DA:1844,11727
DA:1845,11727
DA:1846,11727
DA:1847,11727
DA:1848,11727
DA:1849,11727
DA:1850,11727
DA:1851,11727
DA:1852,11727
DA:1853,11727
DA:1854,11727
DA:1856,4396012
DA:1857,3292
DA:1858,1250
DA:1859,625
DA:1860,356
DA:1861,665
DA:1863,3258
DA:1864,1302
DA:1865,651
DA:1866,327
DA:1867,651
DA:1869,1250
DA:1870,625
DA:1871,1302
DA:1872,651
DA:1874,23424
DA:1875,11712
DA:1876,11712
DA:1877,11712
DA:1878,11712
DA:1879,11712
DA:1880,11712
DA:1881,11712
DA:1882,11712
DA:1883,11712
DA:1884,11712
DA:1885,11712
DA:1886,11712
DA:1888,4396027
DA:1889,3466
DA:1890,1352
DA:1891,676
DA:1892,360
DA:1893,697
DA:1895,3476
DA:1896,1370
DA:1897,685
DA:1898,386
DA:1899,667
DA:1901,1352
DA:1902,676
DA:1903,1370
DA:1904,685
DA:1906,23392
DA:1907,11696
DA:1908,11696
DA:1909,11696
DA:1910,11696
DA:1911,11696
DA:1912,11696
DA:1913,11696
DA:1914,11696
DA:1915,11696
DA:1916,11696
DA:1917,11696
DA:1918,11696
DA:1920,4396043
DA:1921,3444
DA:1922,1366
DA:1923,683
DA:1924,343
DA:1925,696
DA:1927,3380
DA:1928,1332
DA:1929,666
DA:1930,366
DA:1931,658
DA:1933,1366
DA:1934,683
DA:1935,1332
DA:1936,666
DA:1938,23356
DA:1939,11678
DA:1940,11678
DA:1941,11678
DA:1942,11678
DA:1943,11678
DA:1944,11678
DA:1945,11678
DA:1946,11678
DA:1947,11678
DA:1948,11678
DA:1949,11678
DA:1950,11678
DA:1952,4396061
DA:1953,3276
DA:1954,1348
DA:1955,674
DA:1956,340
DA:1957,624
DA:1959,3372
DA:1960,1274
DA:1961,637
DA:1962,328
DA:1963,721
DA:1965,1348
DA:1966,674
DA:1967,1274
DA:1968,637
DA:1970,23320
DA:1971,11660
DA:1972,11660
DA:1973,11660
DA:1974,11660
DA:1975,11660
DA:1976,11660
DA:1977,11660
DA:1978,11660
DA:1979,11660
DA:1980,11660
DA:1981,11660
DA:1982,11660
DA:1984,4396079
DA:1985,3454
DA:1986,1292
DA:1987,646
DA:1988,382
DA:1989,699
DA:1991,3408
DA:1992,1320
DA:1993,660
DA:1994,362
DA:1995,682
DA:1997,1292
DA:1998,646
DA:1999,1320
DA:2000,660
DA:2002,23282
DA:2003,11641
DA:2004,11641
DA:2005,11641
DA:2006,11641
DA:2007,11641
DA:2008,11641
DA:2009,11641
DA:2010,11641
DA:2011,11641
DA:2012,11641
DA:2013,11641
DA:2014,11641
DA:2016,4396098
DA:2017,3466
DA:2018,1350
DA:2019,675
DA:2020,369
DA:2021,689
DA:2023,3348
DA:2024,1342
DA:2025,671
DA:2026,342
DA:2027,661
DA:2029,1350
DA:2030,675
DA:2031,1342
DA:2032,671
DA:2034,23258
DA:2035,11629
DA:2036,11629
DA:2037,11629
DA:2038,11629
DA:2039,11629
DA:2040,11629
DA:2041,11629
DA:2042,11629
DA:2043,11629
DA:2044,11629
DA:2045,11629
DA:2046,11629
DA:2048,4396110
DA:2049,3380
DA:2050,1364
DA:2051,682
DA:2052,343
DA:2053,665
DA:2055,3396
DA:2056,1350
DA:2057,675
DA:2058,353
DA:2059,670
DA:2061,1364
DA:2062,682
DA:2063,1350
DA:2064,675
DA:2066,23238
DA:2067,11619
DA:2068,11619
DA:2069,11619
DA:2070,11619
DA:2071,11619
DA:2072,11619
DA:2073,11619
DA:2074,11619
DA:2075,11619
DA:2076,11619
DA:2077,11619
DA:2078,11619
DA:2080,4396120
DA:2081,3544
DA:2082,1436
DA:2083,718
DA:2084,371
DA:2085,683
DA:2087,3620
DA:2088,1414
DA:2089,707
DA:2090,410
DA:2091,693
DA:2093,1436
DA:2094,718
DA:2095,1414
DA:2096,707
DA:2098,23218
DA:2099,11609
DA:2100,11609
DA:2101,11609
DA:2102,11609
DA:2103,11609
DA:2104,11609
DA:2105,11609
DA:2106,11609
DA:2107,11609
DA:2108,11609
DA:2109,11609
DA:2110,11609
DA:2112,4396130
DA:2113,3422
DA:2114,1446
DA:2115,723
DA:2116,348
DA:2117,640
DA:2119,3670
DA:2120,1532
DA:2121,766
DA:2122,355
DA:2123,714
DA:2125,1446
DA:2126,723
DA:2127,1532
DA:2128,766
DA:2130,23188
DA:2131,11594
DA:2132,11594
DA:2133,11594
DA:2134,11594
DA:2135,11594
DA:2136,11594
DA:2137,11594
DA:2138,11594
DA:2139,11594
DA:2140,11594
DA:2141,11594
DA:2142,11594
DA:2144,4396145
DA:2145,3442
DA:2146,1372
DA:2147,686
DA:2148,349
DA:2149,686
DA:2151,3606
DA:2152,1448
DA:2153,724
DA:2154,379
DA:2155,700
DA:2157,1372
DA:2158,686
DA:2159,1448
DA:2160,724
DA:2162,23154
DA:2163,11577
DA:2164,11577
DA:2165,11577
DA:2166,11577
DA:2167,11577
DA:2168,11577
DA:2169,11577
DA:2170,11577
DA:2171,11577
DA:2172,11577
DA:2173,11577
DA:2174,11577
DA:2176,4396162
DA:2177,3572
DA:2178,1400
DA:2179,700
DA:2180,357
DA:2181,729
DA:2183,3482
DA:2184,1346
DA:2185,673
DA:2186,372
DA:2187,696
DA:2189,1400
DA:2190,700
DA:2191,1346
DA:2192,673
DA:2194,23134
DA:2195,11567
DA:2196,11567
DA:2197,11567
DA:2198,11567
DA:2199,11567
DA:2200,11567
DA:2201,11567
DA:2202,11567
DA:2203,11567
DA:2204,11567
DA:2205,11567
DA:2206,11567
DA:2208,4396172
DA:2209,3602
DA:2210,1438
DA:2211,719
DA:2212,355
DA:2213,727
DA:2215,3616
DA:2216,1436
DA:2217,718
DA:2218,363
DA:2219,727
DA:2221,1438
DA:2222,719
DA:2223,1436
DA:2224,718
DA:2226,23108
DA:2227,11554
DA:2228,11554
DA:2229,11554
DA:2230,11554
DA:2231,11554
DA:2232,11554
DA:2233,11554
DA:2234,11554
DA:2235,11554
DA:2236,11554
DA:2237,11554
DA:2238,11554
DA:2240,4396185
DA:2241,3544
DA:2242,1422
DA:2243,711
DA:2244,345
DA:2245,716
DA:2247,3588
DA:2248,1416
DA:2249,708
DA:2250,348
DA:2251,738
DA:2253,1422
DA:2254,711
DA:2255,1416
DA:2256,708
DA:2258,23088
DA:2259,11544
DA:2260,11544
DA:2261,11544
DA:2262,11544
DA:2263,11544
DA:2264,11544
DA:2265,11544
DA:2266,11544
DA:2267,11544
DA:2268,11544
DA:2269,11544
DA:2270,11544
DA:2272,4396195
DA:2273,3540
DA:2274,1422
DA:2275,711
DA:2276,335
DA:2277,724
DA:2279,3678
DA:2280,1500
DA:2281,750
DA:2282,371
DA:2283,718
DA:2285,1422
DA:2286,711
DA:2287,1500
DA:2288,750
DA:2290,23062
DA:2291,11531
DA:2292,11531
DA:2293,11531
DA:2294,11531
DA:2295,11531
DA:2296,11531
DA:2297,11531
DA:2298,11531
DA:2299,11531
DA:2300,11531
DA:2301,11531
DA:2302,11531
DA:2304,4396208
DA:2305,3654
DA:2306,1466
DA:2307,733
DA:2308,368
DA:2309,726
DA:2311,3684
DA:2312,1462
DA:2313,731
DA:2314,359
DA:2315,752
DA:2317,1466
DA:2318,733
DA:2319,1462
DA:2320,731
DA:2322,23026
DA:2323,11513
DA:2324,11513
DA:2325,11513
DA:2326,11513
DA:2327,11513
DA:2328,11513
DA:2329,11513
DA:2330,11513
DA:2331,11513
DA:2332,11513
DA:2333,11513
DA:2334,11513
DA:2336,4396226
DA:2337,3520
DA:2338,1338
DA:2339,669
DA:2340,372
DA:2341,719
DA:2343,3602
DA:2344,1434
DA:2345,717
DA:2346,368
DA:2347,716
DA:2349,1338
DA:2350,669
DA:2351,1434
DA:2352,717
DA:2354,23004
DA:2355,11502
DA:2356,11502
DA:2357,11502
DA:2358,11502
DA:2359,11502
DA:2360,11502
DA:2361,11502
DA:2362,11502
DA:2363,11502
DA:2364,11502
DA:2365,11502
DA:2366,11502
DA:2368,4396237
DA:2369,3642
DA:2370,1470
DA:2371,735
DA:2372,367
DA:2373,719
DA:2375,3634
DA:2376,1454
DA:2377,727
DA:2378,371
DA:2379,719
DA:2381,1470
DA:2382,735
DA:2383,1454
DA:2384,727
DA:2386,22960
DA:2387,11480
DA:2388,11480
DA:2389,11480
DA:2390,11480
DA:2391,11480
DA:2392,11480
DA:2393,11480
DA:2394,11480
DA:2395,11480
DA:2396,11480
DA:2397,11480
DA:2398,11480
DA:2400,4396259
DA:2401,3624
DA:2402,1410
DA:2403,705
DA:2404,398
DA:2405,709
DA:2407,3546
DA:2408,1412
DA:2409,706
DA:2410,342
DA:2411,725
DA:2413,1410
DA:2414,705
DA:2415,1412
DA:2416,706
DA:2418,22948
DA:2419,11474
DA:2420,11474
DA:2421,11474
DA:2422,11474
DA:2423,11474
DA:2424,11474
DA:2425,11474
DA:2426,11474
DA:2427,11474
DA:2428,11474
DA:2429,11474
DA:2430,11474
DA:2432,4396265
DA:2433,3790
DA:2434,1544
DA:2435,772
DA:2436,383
DA:2437,740
DA:2439,3642
DA:2440,1456
DA:2441,728
DA:2442,370
DA:2443,723
DA:2445,1544
DA:2446,772
DA:2447,1456
DA:2448,728
DA:2450,22904
DA:2451,11452
DA:2452,11452
DA:2453,11452
DA:2454,11452
DA:2455,11452
DA:2456,11452
DA:2457,11452
DA:2458,11452
DA:2459,11452
DA:2460,11452
DA:2461,11452
DA:2462,11452
DA:2464,4396287
DA:2465,3550
DA:2466,1396
DA:2467,698
DA:2468,343
DA:2469,734
DA:2471,3620
DA:2472,1470
DA:2473,735
DA:2474,358
DA:2475,717
DA:2477,1396
DA:2478,698
DA:2479,1470
DA:2480,735
DA:2482,22878
DA:2483,11439
DA:2484,11439
DA:2485,11439
DA:2486,11439
DA:2487,11439
DA:2488,11439
DA:2489,11439
DA:2490,11439
DA:2491,11439
DA:2492,11439
DA:2493,11439
DA:2494,11439
DA:2496,4396300
DA:2497,3638
DA:2498,1490
DA:2499,745
DA:2500,342
DA:2501,732
DA:2503,3664
DA:2504,1462
DA:2505,731
DA:2506,385
DA:2507,716
DA:2509,1490
DA:2510,745
DA:2511,1462
DA:2512,731
DA:2514,22852
DA:2515,11426
DA:2516,11426
DA:2517,11426
DA:2518,11426
DA:2519,11426
DA:2520,11426
DA:2521,11426
DA:2522,11426
DA:2523,11426
DA:2524,11426
DA:2525,11426
DA:2526,11426
DA:2528,4396313
DA:2529,3486
DA:2530,1438
DA:2531,719
DA:2532,357
DA:2533,667
DA:2535,3638
DA:2536,1460
DA:2537,730
DA:2538,365
DA:2539,724
DA:2541,1438
DA:2542,719
DA:2543,1460
DA:2544,730
DA:2546,22816
DA:2547,11408
DA:2548,11408
DA:2549,11408
DA:2550,11408
DA:2551,11408
DA:2552,11408
DA:2553,11408
DA:2554,11408
DA:2555,11408
DA:2556,11408
DA:2557,11408
DA:2558,11408
DA:2560,4396331
DA:2561,3668
DA:2562,1434
DA:2563,717
DA:2564,364
DA:2565,753
DA:2567,3640
DA:2568,1432
DA:2569,716
DA:2570,357
DA:2571,747
DA:2573,1434
DA:2574,717
DA:2575,1432
DA:2576,716
DA:2578,22786
DA:2579,11393
DA:2580,11393
DA:2581,11393
DA:2582,11393
DA:2583,11393
DA:2584,11393
DA:2585,11393
DA:2586,11393
DA:2587,11393
DA:2588,11393
DA:2589,11393
DA:2590,11393
DA:2592,4396346
DA:2593,3556
DA:2594,1406
DA:2595,703
DA:2596,372
DA:2597,703
DA:2599,3534
DA:2600,1452
DA:2601,726
DA:2602,345
DA:2603,696
DA:2605,1406
DA:2606,703
DA:2607,1452
DA:2608,726
DA:2610,4407739
DA:2611,798
DA:2612,399
DA:2613,399
DA:2615,4407340
DA:2616,737186
DA:2617,368593
DA:2618,743734
DA:2619,371867
DA:2621,4407739
DA:2622,14950
DA:2624,7475
DA:2625,7475
DA:2626,7475
DA:2627,7475
DA:2628,7475
DA:2629,7475
DA:2631,4400264
DA:2632,112707
DA:2633,4287557
DA:2635,112707
DA:2636,798
DA:2637,399
DA:2638,4400264
DA:2647,2
DA:3050,0
DA:3051,0
DA:3052,0
DA:3053,0
DA:3054,0
DA:3055,0
DA:3056,0
DA:3057,0
DA:3058,0
DA:3059,0
DA:3060,0
DA:3061,0
DA:3062,0
DA:3063,0
DA:3064,0
DA:3065,0
DA:3066,0
DA:3067,0
DA:3068,0
DA:3069,0
DA:3070,0
DA:3071,0
DA:3072,0
DA:3073,0
DA:3074,0
DA:3075,0
DA:3076,0
DA:3077,0
DA:3078,0
DA:3079,0
DA:3080,0
DA:3081,0
DA:3082,0
DA:3083,0
DA:3084,0
DA:3085,0
DA:3086,0
DA:3087,0
DA:3088,0
DA:3089,0
DA:3090,0
DA:3091,0
DA:3092,0
DA:3093,0
DA:3094,0
DA:3095,0
DA:3096,0
DA:3097,0
DA:3098,0
DA:3099,0
DA:3100,0
DA:3101,0
DA:3102,0
DA:3103,0
DA:3104,0
DA:3105,0
DA:3106,0
DA:3107,0
DA:3108,0
DA:3109,0
DA:3110,0
DA:3111,0
DA:3112,0
DA:3113,0
DA:3114,0
DA:3115,0
DA:3116,0
DA:3117,0
DA:3118,0
DA:3119,0
DA:3120,0
DA:3121,0
DA:3122,0
DA:3123,0
DA:3124,0
DA:3125,0
DA:3126,0
DA:3127,0
DA:3128,0
DA:3129,0
DA:3130,0
DA:3131,0
DA:3132,0
DA:3133,0
DA:3134,0
DA:3135,0
DA:3136,0
DA:3137,0
DA:3138,0
DA:3139,0
DA:3140,0
DA:3141,0
DA:3142,0
DA:3143,0
DA:3144,0
DA:3145,0
DA:3146,0
DA:3147,0
DA:3148,0
DA:3149,0
DA:3150,0
DA:3151,0
DA:3152,0
DA:3153,0
DA:3154,0
DA:3155,0
DA:3156,0
DA:3157,0
DA:3158,0
DA:3159,0
DA:3160,0
DA:3161,0
DA:3162,0
DA:3163,0
DA:3164,0
DA:3165,0
DA:3166,0
DA:3167,0
DA:3168,0
DA:3169,0
DA:3170,0
DA:3171,0
DA:3172,0
DA:3173,0
DA:3174,0
DA:3175,0
DA:3176,0
DA:3177,0
DA:3178,0
DA:3179,0
DA:3180,0
DA:3181,0
DA:3182,0
DA:3183,0
DA:3184,0
DA:3185,0
DA:3186,0
DA:3187,0
DA:3188,0
DA:3189,0
DA:3190,0
DA:3191,0
DA:3192,0
DA:3193,0
DA:3194,0
DA:3195,0
DA:3196,0
DA:3197,0
DA:3198,0
DA:3199,0
DA:3200,0
DA:3201,0
DA:3202,0
DA:3203,0
DA:3204,0
DA:3205,0
DA:3206,0
DA:3207,0
DA:3208,0
DA:3209,0
DA:3210,0
DA:3211,0
DA:3212,0
DA:3213,0
DA:3214,0
DA:3215,0
DA:3216,0
DA:3217,0
DA:3218,0
DA:3219,0
DA:3220,0
DA:3221,0
DA:3222,0
DA:3223,0
DA:3224,0
DA:3225,0
DA:3226,0
DA:3227,0
DA:3228,0
DA:3229,0
DA:3230,0
DA:3231,0
DA:3232,0
DA:3233,0
DA:3234,0
DA:3235,0
DA:3236,0
DA:3237,0
DA:3238,0
DA:3239,0
DA:3240,0
DA:3241,0
DA:3242,0
DA:3243,0
DA:3244,0
DA:3245,0
DA:3246,0
DA:3247,0
DA:3248,0
DA:3249,0
DA:3250,0
DA:3251,0
DA:3252,0
DA:3253,0
DA:3254,0
DA:3255,0
DA:3256,0
DA:3257,0
DA:3258,0
DA:3259,0
DA:3260,0
DA:3261,0
DA:3262,0
DA:3263,0
DA:3264,0
DA:3265,0
DA:3266,0
DA:3267,0
DA:3268,0
DA:3269,0
DA:3270,0
DA:3271,0
DA:3272,0
DA:3273,0
DA:3274,0
DA:3275,0
DA:3276,0
DA:3277,0
DA:3278,0
DA:3279,0
DA:3280,0
DA:3281,0
DA:3282,0
DA:3283,0
DA:3284,0
DA:3285,0
DA:3286,0
DA:3287,0
DA:3288,0
DA:3289,0
DA:3290,0
DA:3291,0
DA:3292,0
DA:3293,0
DA:3294,0
DA:3295,0
DA:3296,0
DA:3297,0
DA:3298,0
DA:3299,0
DA:3300,0
DA:3301,0
DA:3302,0
DA:3303,0
DA:3304,0
DA:3305,0
DA:3306,0
DA:3307,0
DA:3308,0
DA:3309,0
DA:3310,0
DA:3311,0
DA:3312,0
DA:3313,0
DA:3314,0
DA:3315,0
DA:3316,0
DA:3317,0
DA:3318,0
DA:3319,0
DA:3320,0
DA:3321,0
DA:3322,0
DA:3323,0
DA:3324,0
DA:3325,0
DA:3326,0
DA:3327,0
DA:3328,0
DA:3329,0
DA:3330,0
DA:3331,0
DA:3332,0
DA:3333,0
DA:3334,0
DA:3335,0
DA:3336,0
DA:3337,0
DA:3338,0
DA:3339,0
DA:3340,0
DA:3341,0
DA:3342,0
DA:3343,0
DA:3344,0
DA:3345,0
DA:3346,0
DA:3347,0
DA:3348,0
DA:3349,0
DA:3350,0
DA:3351,0
DA:3352,0
DA:3353,0
DA:3354,0
DA:3355,0
DA:3356,0
DA:3357,0
DA:3358,0
DA:3359,0
DA:3360,0
DA:3361,0
DA:3362,0
DA:3363,0
DA:3364,0
DA:3365,0
DA:3366,0
DA:3367,0
DA:3368,0
DA:3369,0
DA:3370,0
DA:3371,0
DA:3372,0
DA:3373,0
DA:3374,0
DA:3375,0
DA:3376,0
DA:3377,0
DA:3378,0
DA:3379,0
DA:3380,0
DA:3381,0
DA:3382,0
DA:3383,0
DA:3384,0
DA:3385,0
DA:3386,0
DA:3387,0
DA:3388,0
DA:3389,0
DA:3390,0
DA:3391,0
DA:3392,0
DA:3393,0
DA:3394,0
DA:3395,0
DA:3396,0
DA:3397,0
DA:3398,0
DA:3399,0
DA:3400,0
DA:3401,0
DA:3402,0
DA:3403,0
DA:3404,0
DA:3405,0
DA:3406,0
DA:3407,0
DA:3408,0
DA:3409,0
DA:3410,0
DA:3411,0
DA:3412,0
DA:3413,0
DA:3414,0
DA:3415,0
DA:3416,0
DA:3417,0
DA:3418,0
DA:3419,0
DA:3420,0
DA:3421,0
DA:3422,0
DA:3423,0
DA:3424,0
DA:3425,0
DA:3426,0
DA:3427,0
DA:3428,0
DA:3429,0
DA:3430,0
DA:3431,0
DA:3432,0
DA:3433,0
DA:3434,0
DA:3435,0
DA:3436,0
DA:3437,0
DA:3438,0
DA:3439,0
DA:3440,0
DA:3441,0
DA:3442,0
DA:3443,0
end_of_record
SF:/home/lolifish/Documents/programs/XiangShan_UVM/UnityChipForXiangShan/dut/WayLookup/WayLookup_top.sv
DA:3,8815650
DA:4,172
DA:5,799
DA:6,779411
DA:7,130755
DA:8,1737241
DA:9,1737770
DA:10,872017
DA:11,870922
DA:12,7820002
DA:13,7818812
DA:14,225520
DA:15,226362
DA:16,434208
DA:17,434798
DA:18,217390
DA:19,217694
DA:20,705624
DA:21,71585
DA:22,28940
DA:23,861881
DA:24,1722311
DA:25,1723465
DA:26,862760
DA:27,860408
DA:28,7758510
DA:29,7755525
DA:30,223602
DA:31,224173
DA:32,431098
DA:33,431522
DA:34,215219
DA:35,215598
DA:36,2151826
DA:37,215088
DA:38,400372
DA:39,3471007
DA:40,786086
DA:41,398019
DA:42,100147
DA:364,0
DA:366,0
DA:369,17631300
DA:371,8815650
DA:374,0
DA:376,0
DA:379,344
DA:381,172
DA:384,0
DA:386,0
DA:389,1598
DA:391,799
DA:394,0
DA:396,0
DA:399,1558822
DA:401,779411
DA:404,905680
DA:406,452840
DA:409,779412
DA:411,389706
DA:414,779412
DA:416,389706
DA:419,779412
DA:421,389706
DA:424,779412
DA:426,389706
DA:429,779412
DA:431,389706
DA:434,779412
DA:436,389706
DA:439,1558822
DA:441,779411
DA:444,1550740
DA:446,775370
DA:449,779412
DA:451,389706
DA:454,779412
DA:456,389706
DA:459,779412
DA:461,389706
DA:464,779412
DA:466,389706
DA:469,15776
DA:471,7888
DA:474,15776
DA:476,7888
DA:479,1291838
DA:481,645919
DA:484,0
DA:486,0
DA:489,1723762
DA:491,861881
DA:494,0
DA:496,0
DA:499,858484
DA:501,429242
DA:504,0
DA:506,0
DA:509,858466
DA:511,429233
DA:514,0
DA:516,0
DA:519,808258
DA:521,404129
DA:524,0
DA:526,0
DA:529,807476
DA:531,403738
DA:534,0
DA:536,0
DA:539,861882
DA:541,430941
DA:544,0
DA:546,0
DA:549,861882
DA:551,430941
DA:554,0
DA:556,0
DA:559,438562
DA:561,219281
DA:564,0
DA:566,0
DA:569,440020
DA:571,220010
DA:574,0
DA:576,0
DA:579,646492
DA:581,323246
DA:584,0
DA:586,0
DA:589,647240
DA:591,323620
DA:594,0
DA:596,0
DA:599,430438
DA:601,215219
DA:604,0
DA:606,0
DA:609,431196
DA:611,215598
DA:614,0
DA:616,0
DA:619,860976
DA:621,430488
DA:624,0
DA:626,0
DA:629,430174
DA:631,215087
DA:634,0
DA:636,0
DA:639,800746
DA:641,400373
DA:644,0
DA:646,0
DA:649,398638
DA:651,199319
DA:654,0
DA:656,0
DA:659,391988
DA:661,195994
DA:664,0
DA:666,0
DA:669,373462
DA:671,186731
DA:674,0
DA:676,0
DA:679,200294
DA:681,100147
DA:684,10602014
DA:686,5301007
DA:689,17382128
DA:691,8691064
DA:694,10602014
DA:696,5301007
DA:699,17388212
DA:701,8694106
DA:704,17124614
DA:706,8562307
DA:709,2906020
DA:711,1453010
DA:714,800
DA:716,400
DA:719,2
DA:721,1
DA:724,2
DA:726,1
DA:729,2
DA:731,1
DA:734,2
DA:736,1
DA:739,2
DA:741,1
DA:744,2
DA:746,1
DA:749,2
DA:751,1
DA:754,2
DA:756,1
DA:759,2
DA:761,1
DA:764,2
DA:766,1
DA:769,26446952
DA:771,13223476
DA:774,26437340
DA:776,13218670
DA:779,26427728
DA:781,13213864
DA:784,26418086
DA:786,13209043
DA:789,26408948
DA:791,13204474
DA:794,26399498
DA:796,13199749
DA:799,26390390
DA:801,13195195
DA:804,26381402
DA:806,13190701
DA:809,26372522
DA:811,13186261
DA:814,26363810
DA:816,13181905
DA:819,26354846
DA:821,13177423
DA:824,26345840
DA:826,13172920
DA:829,26337020
DA:831,13168510
DA:834,26328386
DA:836,13164193
DA:839,26319530
DA:841,13159765
DA:844,26310896
DA:846,13155448
DA:849,26302370
DA:851,13151185
DA:854,26294090
DA:856,13147045
DA:859,26285906
DA:861,13142953
DA:864,26277356
DA:866,13138678
DA:869,26268878
DA:871,13134439
DA:874,26260538
DA:876,13130269
DA:879,26252564
DA:881,13126282
DA:884,26244848
DA:886,13122424
DA:889,26237036
DA:891,13118518
DA:894,26229194
DA:896,13114597
DA:899,26221334
DA:901,13110667
DA:904,26213384
DA:906,13106692
DA:909,26205752
DA:911,13102876
DA:914,26198246
DA:916,13099123
DA:919,26190890
DA:921,13095445
DA:924,26182922
DA:926,13091461
DA:929,26175266
DA:931,13087633
DA:934,26167880
DA:936,13083940
DA:939,26160068
DA:941,13080034
DA:944,26152934
DA:946,13076467
DA:949,26145488
DA:951,13072744
DA:954,26137994
DA:956,13068997
DA:959,26131076
DA:961,13065538
DA:964,26123798
DA:966,13061899
DA:969,26116646
DA:971,13058323
DA:974,26109854
DA:976,13054927
DA:979,26102804
DA:981,13051402
DA:984,26096024
DA:986,13048012
DA:989,26088908
DA:991,13044454
DA:994,26081972
DA:996,13040986
DA:999,26074856
DA:1001,13037428
DA:1004,26068412
DA:1006,13034206
DA:1009,26061944
DA:1011,13030972
DA:1014,26055296
DA:1016,13027648
DA:1019,26048732
DA:1021,13024366
DA:1024,26042258
DA:1026,13021129
DA:1029,26035976
DA:1031,13017988
DA:1034,26029130
DA:1036,13014565
DA:1039,26022614
DA:1041,13011307
DA:1044,26016518
DA:1046,13008259
DA:1049,26010278
DA:1051,13005139
DA:1054,26004068
DA:1056,13002034
DA:1059,25997828
DA:1061,12998914
DA:1064,25992086
DA:1066,12996043
DA:1069,25986074
DA:1071,12993037
DA:1074,25979864
DA:1076,12989932
DA:1079,25974002
DA:1081,12987001
DA:1084,25968188
DA:1086,12984094
DA:1089,321282
DA:1091,160641
DA:1094,318758
DA:1096,159379
DA:1099,316382
DA:1101,158191
DA:1104,313900
DA:1106,156950
DA:1109,311548
DA:1111,155774
DA:1114,309096
DA:1116,154548
DA:1119,306830
DA:1121,153415
DA:1124,304412
DA:1126,152206
DA:1129,301906
DA:1131,150953
DA:1134,299576
DA:1136,149788
DA:1139,297232
DA:1141,148616
DA:1144,294730
DA:1146,147365
DA:1149,292282
DA:1151,146141
DA:1154,289976
DA:1156,144988
DA:1159,287410
DA:1161,143705
DA:1164,285200
DA:1166,142600
DA:1169,282804
DA:1171,141402
DA:1174,280540
DA:1176,140270
DA:1179,278198
DA:1181,139099
DA:1184,275766
DA:1186,137883
DA:1189,273324
DA:1191,136662
DA:1194,270882
DA:1196,135441
DA:1199,268536
DA:1201,134268
DA:1204,266152
DA:1206,133076
DA:1209,263938
DA:1211,131969
DA:1214,261688
DA:1216,130844
DA:1219,259392
DA:1221,129696
DA:1224,257064
DA:1226,128532
DA:1229,254770
DA:1231,127385
DA:1234,252432
DA:1236,126216
DA:1239,250138
DA:1241,125069
DA:1244,247688
DA:1246,123844
DA:1249,245280
DA:1251,122640
DA:1254,242832
DA:1256,121416
DA:1259,240230
DA:1261,120115
DA:1264,237926
DA:1266,118963
DA:1269,235516
DA:1271,117758
DA:1274,233202
DA:1276,116601
DA:1279,231014
DA:1281,115507
DA:1284,228634
DA:1286,114317
DA:1289,226284
DA:1291,113142
DA:1294,223940
DA:1296,111970
DA:1299,221614
DA:1301,110807
DA:1304,219288
DA:1306,109644
DA:1309,216832
DA:1311,108416
DA:1314,214430
DA:1316,107215
DA:1319,212060
DA:1321,106030
DA:1324,209934
DA:1326,104967
DA:1329,207630
DA:1331,103815
DA:1334,205248
DA:1336,102624
DA:1339,202896
DA:1341,101448
DA:1344,200632
DA:1346,100316
DA:1349,198376
DA:1351,99188
DA:1354,195862
DA:1356,97931
DA:1359,193536
DA:1361,96768
DA:1364,191330
DA:1366,95665
DA:1369,188992
DA:1371,94496
DA:1374,186610
DA:1376,93305
DA:1379,184290
DA:1381,92145
DA:1384,182016
DA:1386,91008
DA:1389,179696
DA:1391,89848
DA:1394,177434
DA:1396,88717
DA:1399,175178
DA:1401,87589
DA:1404,172968
DA:1406,86484
DA:1409,161444
DA:1411,80722
DA:1414,150092
DA:1416,75046
DA:1419,139692
DA:1421,69846
DA:1424,129986
DA:1426,64993
DA:1429,120902
DA:1431,60451
DA:1434,112694
DA:1436,56347
DA:1439,104936
DA:1441,52468
DA:1444,97698
DA:1446,48849
DA:1449,91032
DA:1451,45516
DA:1454,84646
DA:1456,42323
DA:1459,78550
DA:1461,39275
DA:1464,73016
DA:1466,36508
DA:1469,67996
DA:1471,33998
DA:1474,63166
DA:1476,31583
DA:1479,58786
DA:1481,29393
DA:1484,54762
DA:1486,27381
DA:1489,51054
DA:1491,25527
DA:1494,47590
DA:1496,23795
DA:1499,44244
DA:1501,22122
DA:1504,41194
DA:1506,20597
DA:1509,38358
DA:1511,19179
DA:1514,35834
DA:1516,17917
DA:1519,33390
DA:1521,16695
DA:1524,31072
DA:1526,15536
DA:1529,28968
DA:1531,14484
DA:1534,26992
DA:1536,13496
DA:1539,25066
DA:1541,12533
DA:1544,23340
DA:1546,11670
DA:1549,21764
DA:1551,10882
DA:1554,20276
DA:1556,10138
DA:1559,18864
DA:1561,9432
DA:1564,17524
DA:1566,8762
DA:1569,16262
DA:1571,8131
DA:1574,15078
DA:1576,7539
DA:1579,14026
DA:1581,7013
DA:1584,13048
DA:1586,6524
DA:1589,12150
DA:1591,6075
DA:1594,11310
DA:1596,5655
DA:1599,10598
DA:1601,5299
DA:1604,9842
DA:1606,4921
DA:1609,9146
DA:1611,4573
DA:1614,8528
DA:1616,4264
DA:1619,7920
DA:1621,3960
DA:1624,7356
DA:1626,3678
DA:1629,6808
DA:1631,3404
DA:1634,6328
DA:1636,3164
DA:1639,5888
DA:1641,2944
DA:1644,5432
DA:1646,2716
DA:1649,5040
DA:1651,2520
DA:1654,4624
DA:1656,2312
DA:1659,4288
DA:1661,2144
DA:1664,3990
DA:1666,1995
DA:1669,3682
DA:1671,1841
DA:1674,3414
DA:1676,1707
DA:1679,3202
DA:1681,1601
DA:1684,3000
DA:1686,1500
DA:1689,2798
DA:1691,1399
DA:1694,2602
DA:1696,1301
DA:1699,2410
DA:1701,1205
DA:1704,2262
DA:1706,1131
DA:1709,2134
DA:1711,1067
DA:1714,1988
DA:1716,994
DA:1719,1858
DA:1721,929
DA:1724,1732
DA:1726,866
DA:1731,2
DA:1732,1
DA:1733,1
DA:1737,0
DA:1738,0
end_of_record
